#
# There is insufficient memory for the Java Runtime Environment to continue.
# Native memory allocation (malloc) failed to allocate 56864 bytes for Chunk::new
# Possible reasons:
#   The system is out of physical RAM or swap space
#   The process is running with CompressedOops enabled, and the Java Heap may be blocking the growth of the native heap
# Possible solutions:
#   Reduce memory load on the system
#   Increase physical memory or swap space
#   Check if swap backing store is full
#   Decrease Java heap size (-Xmx/-Xms)
#   Decrease number of Java threads
#   Decrease Java thread stack sizes (-Xss)
#   Set larger code cache with -XX:ReservedCodeCacheSize=
#   JVM is running with Unscaled Compressed Oops mode in which the Java heap is
#     placed in the first 4GB address space. The Java Heap base address is the
#     maximum limit for the native heap growth. Please use -XX:HeapBaseMinAddress
#     to set the Java Heap base and to place the Java Heap above 4GB virtual address.
# This output file may be truncated or incomplete.
#
#  Out of Memory Error (arena.cpp:189), pid=27760, tid=30828
#
# JRE version: Java(TM) SE Runtime Environment (17.0.10+11) (build 17.0.10+11-LTS-240)
# Java VM: Java HotSpot(TM) 64-Bit Server VM (17.0.10+11-LTS-240, mixed mode, sharing, tiered, compressed oops, compressed class ptrs, g1 gc, windows-amd64)
# No core dump will be written. Minidumps are not enabled by default on client versions of Windows
#

---------------  S U M M A R Y ------------

Command Line: -XX:MaxMetaspaceSize=512m --add-opens=java.base/java.util=ALL-UNNAMED --add-opens=java.base/java.lang=ALL-UNNAMED --add-opens=java.base/java.lang.invoke=ALL-UNNAMED --add-opens=java.prefs/java.util.prefs=ALL-UNNAMED --add-opens=java.base/java.nio.charset=ALL-UNNAMED --add-opens=java.base/java.net=ALL-UNNAMED --add-opens=java.base/java.util.concurrent.atomic=ALL-UNNAMED -Xmx2048m -Dfile.encoding=windows-1252 -Duser.country=IN -Duser.language=en -Duser.variant -javaagent:C:\Users\saini\.gradle\wrapper\dists\gradle-8.6-all\3mbtmo166bl6vumsh5k2lkq5h\gradle-8.6\lib\agents\gradle-instrumentation-agent-8.6.jar org.gradle.launcher.daemon.bootstrap.GradleDaemon 8.6

Host: AMD Ryzen 5 5600H with Radeon Graphics         , 12 cores, 7G,  Windows 11 , 64 bit Build 22621 (10.0.22621.3672)
Time: Fri Jun 21 17:25:47 2024 India Standard Time elapsed time: 18.372270 seconds (0d 0h 0m 18s)

---------------  T H R E A D  ---------------

Current thread (0x000001fc00193170):  JavaThread "C2 CompilerThread0" daemon [_thread_in_native, id=30828, stack(0x0000004654400000,0x0000004654500000)]


Current CompileTask:
C2:  18372 5511       4       com.esotericsoftware.kryo.io.Input::readUtf8 (90 bytes)

Stack: [0x0000004654400000,0x0000004654500000]
Native frames: (J=compiled Java code, j=interpreted, Vv=VM code, C=native code)
V  [jvm.dll+0x677a5a]
V  [jvm.dll+0x7d8b2d]
V  [jvm.dll+0x7da48e]
V  [jvm.dll+0x7daaf3]
V  [jvm.dll+0x2455ff]
V  [jvm.dll+0xaaafb]
V  [jvm.dll+0xab09c]
V  [jvm.dll+0x361bae]
V  [jvm.dll+0x1bb1da]
V  [jvm.dll+0x217aa7]
V  [jvm.dll+0x216d81]
V  [jvm.dll+0x1a3410]
V  [jvm.dll+0x226aeb]
V  [jvm.dll+0x224cab]
V  [jvm.dll+0x78e45c]
V  [jvm.dll+0x78888a]
V  [jvm.dll+0x676935]
C  [ucrtbase.dll+0x29333]
C  [KERNEL32.DLL+0x1257d]
C  [ntdll.dll+0x5af28]


---------------  P R O C E S S  ---------------

Threads class SMR info:
_java_thread_list=0x000001fc24fe96b0, length=51, elements={
0x000001fc61b28310, 0x000001fc00173e30, 0x000001fc00174cb0, 0x000001fc0018ad30,
0x000001fc0018b800, 0x000001fc0018f1e0, 0x000001fc0018fba0, 0x000001fc00193170,
0x000001fc00194b80, 0x000001fc001a2aa0, 0x000001fc0015fce0, 0x000001fc004c5370,
0x000001fc20883d40, 0x000001fc20a77a00, 0x000001fc20a765c0, 0x000001fc20a76ad0,
0x000001fc20a774f0, 0x000001fc20a79350, 0x000001fc20a77f10, 0x000001fc20a78e40,
0x000001fc20a78420, 0x000001fc20a76fe0, 0x000001fc20a79860, 0x000001fc20a760b0,
0x000001fc21397da0, 0x000001fc21395520, 0x000001fc21394b00, 0x000001fc21395a30,
0x000001fc21396450, 0x000001fc21397380, 0x000001fc21396960, 0x000001fc21395f40,
0x000001fc213982b0, 0x000001fc21397890, 0x000001fc21396e70, 0x000001fc21e3bd50,
0x000001fc21e40430, 0x000001fc21e3a910, 0x000001fc21e3b330, 0x000001fc21e3a400,
0x000001fc21e3dbb0, 0x000001fc21e41870, 0x000001fc21e3eae0, 0x000001fc21e3c770,
0x000001fc21e3d190, 0x000001fc21e3b840, 0x000001fc20332760, 0x000001fc203351e0,
0x000001fc21e40940, 0x000001fc21e40e50, 0x000001fc21e3cc80
}

Java Threads: ( => current thread )
  0x000001fc61b28310 JavaThread "main" [_thread_blocked, id=10928, stack(0x0000004653700000,0x0000004653800000)]
  0x000001fc00173e30 JavaThread "Reference Handler" daemon [_thread_blocked, id=31632, stack(0x0000004653e00000,0x0000004653f00000)]
  0x000001fc00174cb0 JavaThread "Finalizer" daemon [_thread_blocked, id=28072, stack(0x0000004653f00000,0x0000004654000000)]
  0x000001fc0018ad30 JavaThread "Signal Dispatcher" daemon [_thread_blocked, id=6036, stack(0x0000004654000000,0x0000004654100000)]
  0x000001fc0018b800 JavaThread "Attach Listener" daemon [_thread_blocked, id=25232, stack(0x0000004654100000,0x0000004654200000)]
  0x000001fc0018f1e0 JavaThread "Service Thread" daemon [_thread_blocked, id=32456, stack(0x0000004654200000,0x0000004654300000)]
  0x000001fc0018fba0 JavaThread "Monitor Deflation Thread" daemon [_thread_blocked, id=27964, stack(0x0000004654300000,0x0000004654400000)]
=>0x000001fc00193170 JavaThread "C2 CompilerThread0" daemon [_thread_in_native, id=30828, stack(0x0000004654400000,0x0000004654500000)]
  0x000001fc00194b80 JavaThread "C1 CompilerThread0" daemon [_thread_blocked, id=31308, stack(0x0000004654500000,0x0000004654600000)]
  0x000001fc001a2aa0 JavaThread "Sweeper thread" daemon [_thread_blocked, id=25268, stack(0x0000004654600000,0x0000004654700000)]
  0x000001fc0015fce0 JavaThread "Common-Cleaner" daemon [_thread_blocked, id=29528, stack(0x0000004654700000,0x0000004654800000)]
  0x000001fc004c5370 JavaThread "Notification Thread" daemon [_thread_blocked, id=152, stack(0x0000004654800000,0x0000004654900000)]
  0x000001fc20883d40 JavaThread "Daemon health stats" [_thread_blocked, id=29392, stack(0x0000004654e00000,0x0000004654f00000)]
  0x000001fc20a77a00 JavaThread "Incoming local TCP Connector on port 49840" [_thread_in_native, id=25936, stack(0x0000004654f00000,0x0000004655000000)]
  0x000001fc20a765c0 JavaThread "Daemon periodic checks" [_thread_blocked, id=5520, stack(0x0000004655000000,0x0000004655100000)]
  0x000001fc20a76ad0 JavaThread "Daemon" [_thread_blocked, id=15860, stack(0x0000004655100000,0x0000004655200000)]
  0x000001fc20a774f0 JavaThread "Handler for socket connection from /127.0.0.1:49840 to /127.0.0.1:49841" [_thread_in_native, id=30580, stack(0x0000004655200000,0x0000004655300000)]
  0x000001fc20a79350 JavaThread "Cancel handler" [_thread_blocked, id=25612, stack(0x0000004655300000,0x0000004655400000)]
  0x000001fc20a77f10 JavaThread "Daemon worker" [_thread_in_Java, id=24744, stack(0x0000004655400000,0x0000004655500000)]
  0x000001fc20a78e40 JavaThread "Asynchronous log dispatcher for DefaultDaemonConnection: socket connection from /127.0.0.1:49840 to /127.0.0.1:49841" [_thread_blocked, id=12360, stack(0x0000004655500000,0x0000004655600000)]
  0x000001fc20a78420 JavaThread "Stdin handler" [_thread_blocked, id=15108, stack(0x0000004655600000,0x0000004655700000)]
  0x000001fc20a76fe0 JavaThread "Daemon client event forwarder" [_thread_blocked, id=28968, stack(0x0000004655700000,0x0000004655800000)]
  0x000001fc20a79860 JavaThread "Cache worker for journal cache (C:\Users\saini\.gradle\caches\journal-1)" [_thread_blocked, id=19836, stack(0x0000004655800000,0x0000004655900000)]
  0x000001fc20a760b0 JavaThread "File lock request listener" [_thread_in_native, id=18260, stack(0x0000004655900000,0x0000004655a00000)]
  0x000001fc21397da0 JavaThread "Cache worker for file hash cache (C:\Users\saini\.gradle\caches\8.6\fileHashes)" [_thread_blocked, id=27896, stack(0x0000004655a00000,0x0000004655b00000)]
  0x000001fc21395520 JavaThread "File watcher server" daemon [_thread_in_native, id=144, stack(0x0000004656000000,0x0000004656100000)]
  0x000001fc21394b00 JavaThread "File watcher consumer" daemon [_thread_blocked, id=4876, stack(0x0000004656100000,0x0000004656200000)]
  0x000001fc21395a30 JavaThread "Cache worker for checksums cache (C:\Users\saini\reactNativeScreenlet\android\.gradle\8.6\checksums)" [_thread_blocked, id=19628, stack(0x0000004656200000,0x0000004656300000)]
  0x000001fc21396450 JavaThread "Cache worker for file hash cache (C:\Users\saini\reactNativeScreenlet\android\.gradle\8.6\fileHashes)" [_thread_blocked, id=20664, stack(0x0000004656500000,0x0000004656600000)]
  0x000001fc21397380 JavaThread "Cache worker for cache directory md-supplier (C:\Users\saini\.gradle\caches\8.6\md-supplier)" [_thread_blocked, id=26412, stack(0x0000004656600000,0x0000004656700000)]
  0x000001fc21396960 JavaThread "Cache worker for cache directory md-rule (C:\Users\saini\.gradle\caches\8.6\md-rule)" [_thread_blocked, id=27012, stack(0x0000004656700000,0x0000004656800000)]
  0x000001fc21395f40 JavaThread "Cache worker for file content cache (C:\Users\saini\.gradle\caches\8.6\fileContent)" [_thread_blocked, id=26528, stack(0x0000004656800000,0x0000004656900000)]
  0x000001fc213982b0 JavaThread "File lock release action executor" [_thread_blocked, id=7956, stack(0x0000004656900000,0x0000004656a00000)]
  0x000001fc21397890 JavaThread "jar transforms" [_thread_blocked, id=22792, stack(0x0000004656a00000,0x0000004656b00000)]
  0x000001fc21396e70 JavaThread "jar transforms Thread 2" [_thread_blocked, id=15796, stack(0x0000004656b00000,0x0000004656c00000)]
  0x000001fc21e3bd50 JavaThread "jar transforms Thread 3" [_thread_blocked, id=12332, stack(0x0000004656c00000,0x0000004656d00000)]
  0x000001fc21e40430 JavaThread "jar transforms Thread 4" [_thread_blocked, id=5476, stack(0x0000004656d00000,0x0000004656e00000)]
  0x000001fc21e3a910 JavaThread "Exec process" [_thread_blocked, id=23188, stack(0x0000004656e00000,0x0000004656f00000)]
  0x000001fc21e3b330 JavaThread "Exec process Thread 2" [_thread_blocked, id=15804, stack(0x0000004656f00000,0x0000004657000000)]
  0x000001fc21e3a400 JavaThread "Exec process Thread 3" [_thread_blocked, id=10440, stack(0x0000004657000000,0x0000004657100000)]
  0x000001fc21e3dbb0 JavaThread "jar transforms Thread 5" [_thread_blocked, id=27120, stack(0x0000004657300000,0x0000004657400000)]
  0x000001fc21e41870 JavaThread "jar transforms Thread 6" [_thread_blocked, id=28172, stack(0x0000004657400000,0x0000004657500000)]
  0x000001fc21e3eae0 JavaThread "Unconstrained build operations" [_thread_blocked, id=27864, stack(0x0000004657200000,0x0000004657300000)]
  0x000001fc21e3c770 JavaThread "Unconstrained build operations Thread 2" [_thread_blocked, id=17020, stack(0x0000004657500000,0x0000004657600000)]
  0x000001fc21e3d190 JavaThread "jar transforms Thread 7" [_thread_blocked, id=18664, stack(0x0000004657600000,0x0000004657700000)]
  0x000001fc21e3b840 JavaThread "jar transforms Thread 8" [_thread_blocked, id=27820, stack(0x0000004657700000,0x0000004657800000)]
  0x000001fc20332760 JavaThread "C2 CompilerThread1" daemon [_thread_in_native, id=5504, stack(0x0000004657100000,0x0000004657200000)]
  0x000001fc203351e0 JavaThread "C2 CompilerThread2" daemon [_thread_in_native, id=32420, stack(0x0000004657800000,0x0000004657900000)]
  0x000001fc21e40940 JavaThread "Cache worker for Build Output Cleanup Cache (C:\Users\saini\reactNativeScreenlet\node_modules\@react-native\gradle-plugin\.gradle\buildOutputCleanup)" [_thread_blocked, id=29976, stack(0x0000004657900000,0x0000004657a00000)]
  0x000001fc21e40e50 JavaThread "jar transforms Thread 9" [_thread_blocked, id=2944, stack(0x0000004657a00000,0x0000004657b00000)]
  0x000001fc21e3cc80 JavaThread "jar transforms Thread 10" [_thread_blocked, id=18696, stack(0x0000004657b00000,0x0000004657c00000)]

Other Threads:
  0x000001fc00172240 VMThread "VM Thread" [stack: 0x0000004653d00000,0x0000004653e00000] [id=23244]
  0x000001fc61ba4960 WatcherThread [stack: 0x0000004654900000,0x0000004654a00000] [id=12860]
  0x000001fc61b83ae0 GCTaskThread "GC Thread#0" [stack: 0x0000004653800000,0x0000004653900000] [id=23456]
  0x000001fc00e87fd0 GCTaskThread "GC Thread#1" [stack: 0x0000004654a00000,0x0000004654b00000] [id=27524]
  0x000001fc20158ae0 GCTaskThread "GC Thread#2" [stack: 0x0000004654b00000,0x0000004654c00000] [id=29424]
  0x000001fc2025b1e0 GCTaskThread "GC Thread#3" [stack: 0x0000004654c00000,0x0000004654d00000] [id=23724]
  0x000001fc00eaa7c0 GCTaskThread "GC Thread#4" [stack: 0x0000004654d00000,0x0000004654e00000] [id=24128]
  0x000001fc20a13e90 GCTaskThread "GC Thread#5" [stack: 0x0000004655b00000,0x0000004655c00000] [id=9432]
  0x000001fc20a14150 GCTaskThread "GC Thread#6" [stack: 0x0000004655c00000,0x0000004655d00000] [id=20140]
  0x000001fc218821a0 GCTaskThread "GC Thread#7" [stack: 0x0000004655d00000,0x0000004655e00000] [id=26424]
  0x000001fc21882460 GCTaskThread "GC Thread#8" [stack: 0x0000004655e00000,0x0000004655f00000] [id=21524]
  0x000001fc21882720 GCTaskThread "GC Thread#9" [stack: 0x0000004655f00000,0x0000004656000000] [id=26088]
  0x000001fc61b94a30 ConcurrentGCThread "G1 Main Marker" [stack: 0x0000004653900000,0x0000004653a00000] [id=31216]
  0x000001fc61b95440 ConcurrentGCThread "G1 Conc#0" [stack: 0x0000004653a00000,0x0000004653b00000] [id=22808]
  0x000001fc2031f4a0 ConcurrentGCThread "G1 Conc#1" [stack: 0x0000004656300000,0x0000004656400000] [id=27748]
  0x000001fc217b7200 ConcurrentGCThread "G1 Conc#2" [stack: 0x0000004656400000,0x0000004656500000] [id=20668]
  0x000001fc000330d0 ConcurrentGCThread "G1 Refine#0" [stack: 0x0000004653b00000,0x0000004653c00000] [id=30420]
  0x000001fc00033b00 ConcurrentGCThread "G1 Service" [stack: 0x0000004653c00000,0x0000004653d00000] [id=22244]

Threads with active compile tasks:
C2 CompilerThread0    18415 5511       4       com.esotericsoftware.kryo.io.Input::readUtf8 (90 bytes)
C2 CompilerThread1    18415 5626       4       org.gradle.util.internal.SimpleMapInterner::intern (9 bytes)
C2 CompilerThread2    18415 5494       4       sun.invoke.util.VerifyAccess::isClassAccessible (230 bytes)

VM state: not at safepoint (normal execution)

VM Mutex/Monitor currently owned by a thread: None

Heap address: 0x0000000080000000, size: 2048 MB, Compressed Oops mode: 32-bit

CDS archive(s) mapped at: [0x000001fc01000000-0x000001fc01bd0000-0x000001fc01bd0000), size 12386304, SharedBaseAddress: 0x000001fc01000000, ArchiveRelocationMode: 1.
Compressed class space mapped at: 0x000001fc02000000-0x000001fc1c000000, reserved size: 436207616
Narrow klass base: 0x000001fc01000000, Narrow klass shift: 0, Narrow klass range: 0x100000000

GC Precious Log:
 CPUs: 12 total, 12 available
 Memory: 7521M
 Large Page Support: Disabled
 NUMA Support: Disabled
 Compressed Oops: Enabled (32-bit)
 Heap Region Size: 1M
 Heap Min Capacity: 8M
 Heap Initial Capacity: 118M
 Heap Max Capacity: 2G
 Pre-touch: Disabled
 Parallel Workers: 10
 Concurrent Workers: 3
 Concurrent Refinement Workers: 10
 Periodic GC: Disabled

Heap:
 garbage-first heap   total 86016K, used 55301K [0x0000000080000000, 0x0000000100000000)
  region size 1024K, 22 young (22528K), 3 survivors (3072K)
 Metaspace       used 47978K, committed 48576K, reserved 491520K
  class space    used 6782K, committed 7040K, reserved 425984K

Heap Regions: E=young(eden), S=young(survivor), O=old, HS=humongous(starts), HC=humongous(continues), CS=collection set, F=free, OA=open archive, CA=closed archive, TAMS=top-at-mark-start (previous, next)
|   0|0x0000000080000000, 0x0000000080100000, 0x0000000080100000|100%|HS|  |TAMS 0x0000000080100000, 0x0000000080000000| Complete 
|   1|0x0000000080100000, 0x0000000080200000, 0x0000000080200000|100%|HC|  |TAMS 0x0000000080200000, 0x0000000080100000| Complete 
|   2|0x0000000080200000, 0x0000000080300000, 0x0000000080300000|100%|HC|  |TAMS 0x0000000080300000, 0x0000000080200000| Complete 
|   3|0x0000000080300000, 0x0000000080400000, 0x0000000080400000|100%|HC|  |TAMS 0x0000000080400000, 0x0000000080300000| Complete 
|   4|0x0000000080400000, 0x0000000080500000, 0x0000000080500000|100%| O|  |TAMS 0x0000000080500000, 0x0000000080400000| Untracked 
|   5|0x0000000080500000, 0x0000000080600000, 0x0000000080600000|100%| O|  |TAMS 0x0000000080600000, 0x0000000080500000| Untracked 
|   6|0x0000000080600000, 0x0000000080700000, 0x0000000080700000|100%| O|  |TAMS 0x0000000080700000, 0x0000000080600000| Untracked 
|   7|0x0000000080700000, 0x0000000080800000, 0x0000000080800000|100%| O|  |TAMS 0x0000000080800000, 0x0000000080700000| Untracked 
|   8|0x0000000080800000, 0x0000000080900000, 0x0000000080900000|100%| O|  |TAMS 0x0000000080900000, 0x0000000080800000| Untracked 
|   9|0x0000000080900000, 0x0000000080a00000, 0x0000000080a00000|100%| O|  |TAMS 0x0000000080a00000, 0x0000000080900000| Untracked 
|  10|0x0000000080a00000, 0x0000000080b00000, 0x0000000080b00000|100%| O|  |TAMS 0x0000000080b00000, 0x0000000080a00000| Untracked 
|  11|0x0000000080b00000, 0x0000000080c00000, 0x0000000080c00000|100%| O|  |TAMS 0x0000000080c00000, 0x0000000080b00000| Untracked 
|  12|0x0000000080c00000, 0x0000000080d00000, 0x0000000080d00000|100%| O|  |TAMS 0x0000000080d00000, 0x0000000080c00000| Untracked 
|  13|0x0000000080d00000, 0x0000000080e00000, 0x0000000080e00000|100%| O|  |TAMS 0x0000000080e00000, 0x0000000080d00000| Untracked 
|  14|0x0000000080e00000, 0x0000000080f00000, 0x0000000080f00000|100%| O|  |TAMS 0x0000000080f00000, 0x0000000080e00000| Untracked 
|  15|0x0000000080f00000, 0x0000000081000000, 0x0000000081000000|100%| O|  |TAMS 0x0000000081000000, 0x0000000080f00000| Untracked 
|  16|0x0000000081000000, 0x0000000081100000, 0x0000000081100000|100%| O|  |TAMS 0x0000000081100000, 0x0000000081000000| Untracked 
|  17|0x0000000081100000, 0x0000000081200000, 0x0000000081200000|100%| O|  |TAMS 0x0000000081200000, 0x0000000081100000| Untracked 
|  18|0x0000000081200000, 0x0000000081300000, 0x0000000081300000|100%| O|  |TAMS 0x0000000081300000, 0x0000000081200000| Untracked 
|  19|0x0000000081300000, 0x0000000081400000, 0x0000000081400000|100%| O|  |TAMS 0x0000000081300000, 0x0000000081300000| Untracked 
|  20|0x0000000081400000, 0x0000000081500000, 0x0000000081500000|100%| O|  |TAMS 0x0000000081500000, 0x0000000081400000| Untracked 
|  21|0x0000000081500000, 0x0000000081600000, 0x0000000081600000|100%| O|  |TAMS 0x0000000081600000, 0x0000000081500000| Untracked 
|  22|0x0000000081600000, 0x0000000081700000, 0x0000000081700000|100%| O|  |TAMS 0x0000000081700000, 0x0000000081600000| Untracked 
|  23|0x0000000081700000, 0x0000000081800000, 0x0000000081800000|100%| O|  |TAMS 0x0000000081800000, 0x0000000081700000| Untracked 
|  24|0x0000000081800000, 0x0000000081900000, 0x0000000081900000|100%| O|  |TAMS 0x0000000081900000, 0x0000000081800000| Untracked 
|  25|0x0000000081900000, 0x0000000081a00000, 0x0000000081a00000|100%| O|  |TAMS 0x0000000081a00000, 0x0000000081900000| Untracked 
|  26|0x0000000081a00000, 0x0000000081b00000, 0x0000000081b00000|100%| O|  |TAMS 0x0000000081b00000, 0x0000000081a00000| Untracked 
|  27|0x0000000081b00000, 0x0000000081c00000, 0x0000000081c00000|100%| O|  |TAMS 0x0000000081b00000, 0x0000000081b00000| Untracked 
|  28|0x0000000081c00000, 0x0000000081d00000, 0x0000000081d00000|100%| O|  |TAMS 0x0000000081c00000, 0x0000000081c00000| Untracked 
|  29|0x0000000081d00000, 0x0000000081e00000, 0x0000000081e00000|100%| O|  |TAMS 0x0000000081d00000, 0x0000000081d00000| Untracked 
|  30|0x0000000081e00000, 0x0000000081f00000, 0x0000000081f00000|100%| O|  |TAMS 0x0000000081e00000, 0x0000000081e00000| Untracked 
|  31|0x0000000081f00000, 0x0000000082000000, 0x0000000082000000|100%| O|  |TAMS 0x0000000082000000, 0x0000000081f00000| Untracked 
|  32|0x0000000082000000, 0x0000000082100000, 0x0000000082100000|100%|HS|  |TAMS 0x0000000082000000, 0x0000000082000000| Complete 
|  33|0x0000000082100000, 0x000000008210ec00, 0x0000000082200000|  5%| O|  |TAMS 0x0000000082100000, 0x0000000082100000| Untracked 
|  34|0x0000000082200000, 0x0000000082300000, 0x0000000082300000|100%|HS|  |TAMS 0x0000000082200000, 0x0000000082200000| Complete 
|  35|0x0000000082300000, 0x0000000082300000, 0x0000000082400000|  0%| F|  |TAMS 0x0000000082300000, 0x0000000082300000| Untracked 
|  36|0x0000000082400000, 0x0000000082400000, 0x0000000082500000|  0%| F|  |TAMS 0x0000000082400000, 0x0000000082400000| Untracked 
|  37|0x0000000082500000, 0x0000000082500000, 0x0000000082600000|  0%| F|  |TAMS 0x0000000082500000, 0x0000000082500000| Untracked 
|  38|0x0000000082600000, 0x0000000082600000, 0x0000000082700000|  0%| F|  |TAMS 0x0000000082600000, 0x0000000082600000| Untracked 
|  39|0x0000000082700000, 0x0000000082700000, 0x0000000082800000|  0%| F|  |TAMS 0x0000000082700000, 0x0000000082700000| Untracked 
|  40|0x0000000082800000, 0x0000000082800000, 0x0000000082900000|  0%| F|  |TAMS 0x0000000082800000, 0x0000000082800000| Untracked 
|  41|0x0000000082900000, 0x0000000082900000, 0x0000000082a00000|  0%| F|  |TAMS 0x0000000082900000, 0x0000000082900000| Untracked 
|  42|0x0000000082a00000, 0x0000000082a00000, 0x0000000082b00000|  0%| F|  |TAMS 0x0000000082a00000, 0x0000000082a00000| Untracked 
|  43|0x0000000082b00000, 0x0000000082b00000, 0x0000000082c00000|  0%| F|  |TAMS 0x0000000082b00000, 0x0000000082b00000| Untracked 
|  44|0x0000000082c00000, 0x0000000082c00000, 0x0000000082d00000|  0%| F|  |TAMS 0x0000000082c00000, 0x0000000082c00000| Untracked 
|  45|0x0000000082d00000, 0x0000000082d00000, 0x0000000082e00000|  0%| F|  |TAMS 0x0000000082d00000, 0x0000000082d00000| Untracked 
|  46|0x0000000082e00000, 0x0000000082ef2910, 0x0000000082f00000| 94%| S|CS|TAMS 0x0000000082e00000, 0x0000000082e00000| Complete 
|  47|0x0000000082f00000, 0x0000000083000000, 0x0000000083000000|100%| S|CS|TAMS 0x0000000082f00000, 0x0000000082f00000| Complete 
|  48|0x0000000083000000, 0x0000000083000000, 0x0000000083100000|  0%| F|  |TAMS 0x0000000083000000, 0x0000000083000000| Untracked 
|  49|0x0000000083100000, 0x0000000083100000, 0x0000000083200000|  0%| F|  |TAMS 0x0000000083100000, 0x0000000083100000| Untracked 
|  50|0x0000000083200000, 0x0000000083300000, 0x0000000083300000|100%| S|CS|TAMS 0x0000000083200000, 0x0000000083200000| Complete 
|  51|0x0000000083300000, 0x0000000083300000, 0x0000000083400000|  0%| F|  |TAMS 0x0000000083300000, 0x0000000083300000| Untracked 
|  52|0x0000000083400000, 0x0000000083400000, 0x0000000083500000|  0%| F|  |TAMS 0x0000000083400000, 0x0000000083400000| Untracked 
|  53|0x0000000083500000, 0x0000000083500000, 0x0000000083600000|  0%| F|  |TAMS 0x0000000083500000, 0x0000000083500000| Untracked 
|  54|0x0000000083600000, 0x0000000083600000, 0x0000000083700000|  0%| F|  |TAMS 0x0000000083600000, 0x0000000083600000| Untracked 
|  55|0x0000000083700000, 0x0000000083700000, 0x0000000083800000|  0%| F|  |TAMS 0x0000000083700000, 0x0000000083700000| Untracked 
|  56|0x0000000083800000, 0x0000000083800000, 0x0000000083900000|  0%| F|  |TAMS 0x0000000083800000, 0x0000000083800000| Untracked 
|  57|0x0000000083900000, 0x0000000083900000, 0x0000000083a00000|  0%| F|  |TAMS 0x0000000083900000, 0x0000000083900000| Untracked 
|  58|0x0000000083a00000, 0x0000000083a00000, 0x0000000083b00000|  0%| F|  |TAMS 0x0000000083a00000, 0x0000000083a00000| Untracked 
|  59|0x0000000083b00000, 0x0000000083b00000, 0x0000000083c00000|  0%| F|  |TAMS 0x0000000083b00000, 0x0000000083b00000| Untracked 
|  60|0x0000000083c00000, 0x0000000083c00000, 0x0000000083d00000|  0%| F|  |TAMS 0x0000000083c00000, 0x0000000083c00000| Untracked 
|  61|0x0000000083d00000, 0x0000000083d00000, 0x0000000083e00000|  0%| F|  |TAMS 0x0000000083d00000, 0x0000000083d00000| Untracked 
|  62|0x0000000083e00000, 0x0000000083e00000, 0x0000000083f00000|  0%| F|  |TAMS 0x0000000083e00000, 0x0000000083e00000| Untracked 
|  63|0x0000000083f00000, 0x0000000083f00000, 0x0000000084000000|  0%| F|  |TAMS 0x0000000083f00000, 0x0000000083f00000| Untracked 
|  64|0x0000000084000000, 0x0000000084000000, 0x0000000084100000|  0%| F|  |TAMS 0x0000000084000000, 0x0000000084000000| Untracked 
|  65|0x0000000084100000, 0x0000000084184030, 0x0000000084200000| 51%| E|  |TAMS 0x0000000084100000, 0x0000000084100000| Complete 
|  66|0x0000000084200000, 0x0000000084300000, 0x0000000084300000|100%| E|CS|TAMS 0x0000000084200000, 0x0000000084200000| Complete 
|  67|0x0000000084300000, 0x0000000084400000, 0x0000000084400000|100%| E|CS|TAMS 0x0000000084300000, 0x0000000084300000| Complete 
|  68|0x0000000084400000, 0x0000000084500000, 0x0000000084500000|100%| E|CS|TAMS 0x0000000084400000, 0x0000000084400000| Complete 
|  69|0x0000000084500000, 0x0000000084600000, 0x0000000084600000|100%| E|CS|TAMS 0x0000000084500000, 0x0000000084500000| Complete 
|  70|0x0000000084600000, 0x0000000084700000, 0x0000000084700000|100%| E|CS|TAMS 0x0000000084600000, 0x0000000084600000| Complete 
|  71|0x0000000084700000, 0x0000000084800000, 0x0000000084800000|100%| E|CS|TAMS 0x0000000084700000, 0x0000000084700000| Complete 
|  72|0x0000000084800000, 0x0000000084900000, 0x0000000084900000|100%| E|CS|TAMS 0x0000000084800000, 0x0000000084800000| Complete 
|  73|0x0000000084900000, 0x0000000084a00000, 0x0000000084a00000|100%| E|CS|TAMS 0x0000000084900000, 0x0000000084900000| Complete 
|  74|0x0000000084a00000, 0x0000000084b00000, 0x0000000084b00000|100%| E|  |TAMS 0x0000000084a00000, 0x0000000084a00000| Complete 
|  75|0x0000000084b00000, 0x0000000084c00000, 0x0000000084c00000|100%| E|CS|TAMS 0x0000000084b00000, 0x0000000084b00000| Complete 
|  76|0x0000000084c00000, 0x0000000084d00000, 0x0000000084d00000|100%| E|CS|TAMS 0x0000000084c00000, 0x0000000084c00000| Complete 
|  77|0x0000000084d00000, 0x0000000084e00000, 0x0000000084e00000|100%| E|CS|TAMS 0x0000000084d00000, 0x0000000084d00000| Complete 
|  78|0x0000000084e00000, 0x0000000084f00000, 0x0000000084f00000|100%| E|CS|TAMS 0x0000000084e00000, 0x0000000084e00000| Complete 
|  79|0x0000000084f00000, 0x0000000085000000, 0x0000000085000000|100%| E|CS|TAMS 0x0000000084f00000, 0x0000000084f00000| Complete 
|  80|0x0000000085000000, 0x0000000085100000, 0x0000000085100000|100%| E|CS|TAMS 0x0000000085000000, 0x0000000085000000| Complete 
|  81|0x0000000085100000, 0x0000000085200000, 0x0000000085200000|100%| E|CS|TAMS 0x0000000085100000, 0x0000000085100000| Complete 
|  82|0x0000000085200000, 0x0000000085300000, 0x0000000085300000|100%| E|CS|TAMS 0x0000000085200000, 0x0000000085200000| Complete 
| 117|0x0000000087500000, 0x0000000087600000, 0x0000000087600000|100%| E|CS|TAMS 0x0000000087500000, 0x0000000087500000| Complete 

Card table byte_map: [0x000001fc78d20000,0x000001fc79120000] _byte_map_base: 0x000001fc78920000

Marking Bits (Prev, Next): (CMBitMap*) 0x000001fc61b84100, (CMBitMap*) 0x000001fc61b84140
 Prev Bits: [0x000001fc79520000, 0x000001fc7b520000)
 Next Bits: [0x000001fc7b520000, 0x000001fc7d520000)

Polling page: 0x000001fc5fae0000

Metaspace:

Usage:
  Non-class:     40.24 MB used.
      Class:      6.63 MB used.
       Both:     46.87 MB used.

Virtual space:
  Non-class space:       64.00 MB reserved,      40.56 MB ( 63%) committed,  1 nodes.
      Class space:      416.00 MB reserved,       6.88 MB (  2%) committed,  1 nodes.
             Both:      480.00 MB reserved,      47.44 MB ( 10%) committed. 

Chunk freelists:
   Non-Class:  7.11 MB
       Class:  9.14 MB
        Both:  16.25 MB

MaxMetaspaceSize: 512.00 MB
CompressedClassSpaceSize: 416.00 MB
Initial GC threshold: 21.00 MB
Current GC threshold: 59.19 MB
CDS: on
MetaspaceReclaimPolicy: balanced
 - commit_granule_bytes: 65536.
 - commit_granule_words: 8192.
 - virtual_space_node_default_size: 8388608.
 - enlarge_chunks_in_place: 1.
 - new_chunks_are_fully_committed: 0.
 - uncommit_free_chunks: 1.
 - use_allocation_guard: 0.
 - handle_deallocations: 1.


Internal statistics:

num_allocs_failed_limit: 6.
num_arena_births: 662.
num_arena_deaths: 0.
num_vsnodes_births: 2.
num_vsnodes_deaths: 0.
num_space_committed: 759.
num_space_uncommitted: 0.
num_chunks_returned_to_freelist: 6.
num_chunks_taken_from_freelist: 2592.
num_chunk_merges: 6.
num_chunk_splits: 1705.
num_chunks_enlarged: 1150.
num_inconsistent_stats: 0.

CodeHeap 'non-profiled nmethods': size=120000Kb used=2655Kb max_used=3038Kb free=117345Kb
 bounds [0x000001fc70ea0000, 0x000001fc711a0000, 0x000001fc783d0000]
CodeHeap 'profiled nmethods': size=120000Kb used=9157Kb max_used=9883Kb free=110842Kb
 bounds [0x000001fc693d0000, 0x000001fc69da0000, 0x000001fc70900000]
CodeHeap 'non-nmethods': size=5760Kb used=2323Kb max_used=2382Kb free=3436Kb
 bounds [0x000001fc70900000, 0x000001fc70b70000, 0x000001fc70ea0000]
 total_blobs=5720 nmethods=4882 adapters=750
 compilation: enabled
              stopped_count=0, restarted_count=0
 full_count=0

Compilation events (20 events):
Event: 18.367 Thread 0x000001fc00194b80 nmethod 5545 0x000001fc70f64910 code [0x000001fc70f64aa0, 0x000001fc70f64b78]
Event: 18.367 Thread 0x000001fc00194b80 5546       1       org.gradle.internal.component.external.model.AbstractMutableModuleComponentResolveMetadata$DependencyImpl::getModule (5 bytes)
Event: 18.368 Thread 0x000001fc00194b80 nmethod 5546 0x000001fc70f64610 code [0x000001fc70f647a0, 0x000001fc70f64878]
Event: 18.368 Thread 0x000001fc00194b80 5547       1       org.gradle.internal.component.external.model.AbstractMutableModuleComponentResolveMetadata$DependencyImpl::getVersionConstraint (5 bytes)
Event: 18.368 Thread 0x000001fc00194b80 nmethod 5547 0x000001fc70f64310 code [0x000001fc70f644a0, 0x000001fc70f64578]
Event: 18.368 Thread 0x000001fc00194b80 5548       1       org.gradle.internal.component.external.model.AbstractMutableModuleComponentResolveMetadata$DependencyImpl::getAttributes (5 bytes)
Event: 18.368 Thread 0x000001fc00194b80 nmethod 5548 0x000001fc70f64010 code [0x000001fc70f641a0, 0x000001fc70f64278]
Event: 18.368 Thread 0x000001fc00194b80 5549       1       org.gradle.internal.component.external.model.AbstractMutableModuleComponentResolveMetadata$DependencyImpl::getRequestedCapabilities (5 bytes)
Event: 18.368 Thread 0x000001fc00194b80 nmethod 5549 0x000001fc70f63d10 code [0x000001fc70f63ea0, 0x000001fc70f63f78]
Event: 18.368 Thread 0x000001fc00194b80 5550       1       org.gradle.internal.component.external.model.AbstractMutableModuleComponentResolveMetadata$DependencyImpl::getExcludes (5 bytes)
Event: 18.368 Thread 0x000001fc00194b80 nmethod 5550 0x000001fc70f63910 code [0x000001fc70f63aa0, 0x000001fc70f63b78]
Event: 18.368 Thread 0x000001fc00194b80 5551       1       org.gradle.internal.component.external.model.AbstractMutableModuleComponentResolveMetadata$DependencyImpl::getDependencyArtifact (5 bytes)
Event: 18.368 Thread 0x000001fc00194b80 nmethod 5551 0x000001fc70f76910 code [0x000001fc70f76aa0, 0x000001fc70f76b78]
Event: 18.368 Thread 0x000001fc00194b80 5552       1       org.gradle.internal.component.external.model.AbstractMutableModuleComponentResolveMetadata$DependencyImpl::isEndorsingStrictVersions (5 bytes)
Event: 18.368 Thread 0x000001fc00194b80 nmethod 5552 0x000001fc70f76610 code [0x000001fc70f767a0, 0x000001fc70f76878]
Event: 18.368 Thread 0x000001fc00194b80 5553       1       org.gradle.internal.component.external.model.AbstractMutableModuleComponentResolveMetadata$DependencyImpl::getReason (5 bytes)
Event: 18.368 Thread 0x000001fc00194b80 nmethod 5553 0x000001fc70f76310 code [0x000001fc70f764a0, 0x000001fc70f76578]
Event: 18.368 Thread 0x000001fc00194b80 5558       3       java.util.AbstractCollection::toArray (70 bytes)
Event: 18.368 Thread 0x000001fc00194b80 nmethod 5558 0x000001fc697ec590 code [0x000001fc697ec7e0, 0x000001fc697ed1a8]
Event: 18.368 Thread 0x000001fc00194b80 5557       3       com.google.common.collect.ImmutableSet::construct (93 bytes)

GC Heap History (20 events):
Event: 3.399 GC heap before
{Heap before GC invocations=3 (full 0):
 garbage-first heap   total 120832K, used 68862K [0x0000000080000000, 0x0000000100000000)
  region size 1024K, 58 young (59392K), 9 survivors (9216K)
 Metaspace       used 21283K, committed 21504K, reserved 491520K
  class space    used 3133K, committed 3264K, reserved 425984K
}
Event: 3.405 GC heap after
{Heap after GC invocations=4 (full 0):
 garbage-first heap   total 120832K, used 22814K [0x0000000080000000, 0x0000000100000000)
  region size 1024K, 4 young (4096K), 4 survivors (4096K)
 Metaspace       used 21283K, committed 21504K, reserved 491520K
  class space    used 3133K, committed 3264K, reserved 425984K
}
Event: 4.648 GC heap before
{Heap before GC invocations=5 (full 0):
 garbage-first heap   total 86016K, used 68894K [0x0000000080000000, 0x0000000100000000)
  region size 1024K, 50 young (51200K), 4 survivors (4096K)
 Metaspace       used 29170K, committed 29504K, reserved 491520K
  class space    used 4170K, committed 4352K, reserved 425984K
}
Event: 4.653 GC heap after
{Heap after GC invocations=6 (full 0):
 garbage-first heap   total 86016K, used 26457K [0x0000000080000000, 0x0000000100000000)
  region size 1024K, 7 young (7168K), 7 survivors (7168K)
 Metaspace       used 29170K, committed 29504K, reserved 491520K
  class space    used 4170K, committed 4352K, reserved 425984K
}
Event: 4.701 GC heap before
{Heap before GC invocations=6 (full 0):
 garbage-first heap   total 86016K, used 26457K [0x0000000080000000, 0x0000000100000000)
  region size 1024K, 8 young (8192K), 7 survivors (7168K)
 Metaspace       used 29763K, committed 30080K, reserved 491520K
  class space    used 4211K, committed 4352K, reserved 425984K
}
Event: 4.706 GC heap after
{Heap after GC invocations=7 (full 0):
 garbage-first heap   total 86016K, used 26731K [0x0000000080000000, 0x0000000100000000)
  region size 1024K, 1 young (1024K), 1 survivors (1024K)
 Metaspace       used 29763K, committed 30080K, reserved 491520K
  class space    used 4211K, committed 4352K, reserved 425984K
}
Event: 5.088 GC heap before
{Heap before GC invocations=7 (full 0):
 garbage-first heap   total 86016K, used 62571K [0x0000000080000000, 0x0000000100000000)
  region size 1024K, 36 young (36864K), 1 survivors (1024K)
 Metaspace       used 32186K, committed 32576K, reserved 491520K
  class space    used 4554K, committed 4736K, reserved 425984K
}
Event: 5.091 GC heap after
{Heap after GC invocations=8 (full 0):
 garbage-first heap   total 86016K, used 29251K [0x0000000080000000, 0x0000000100000000)
  region size 1024K, 4 young (4096K), 4 survivors (4096K)
 Metaspace       used 32186K, committed 32576K, reserved 491520K
  class space    used 4554K, committed 4736K, reserved 425984K
}
Event: 14.101 GC heap before
{Heap before GC invocations=8 (full 0):
 garbage-first heap   total 86016K, used 68163K [0x0000000080000000, 0x0000000100000000)
  region size 1024K, 38 young (38912K), 4 survivors (4096K)
 Metaspace       used 35133K, committed 35584K, reserved 491520K
  class space    used 4875K, committed 5056K, reserved 425984K
}
Event: 14.105 GC heap after
{Heap after GC invocations=9 (full 0):
 garbage-first heap   total 86016K, used 31270K [0x0000000080000000, 0x0000000100000000)
  region size 1024K, 3 young (3072K), 3 survivors (3072K)
 Metaspace       used 35133K, committed 35584K, reserved 491520K
  class space    used 4875K, committed 5056K, reserved 425984K
}
Event: 14.386 GC heap before
{Heap before GC invocations=9 (full 0):
 garbage-first heap   total 86016K, used 35366K [0x0000000080000000, 0x0000000100000000)
  region size 1024K, 8 young (8192K), 3 survivors (3072K)
 Metaspace       used 35761K, committed 36160K, reserved 491520K
  class space    used 4968K, committed 5120K, reserved 425984K
}
Event: 14.389 GC heap after
{Heap after GC invocations=10 (full 0):
 garbage-first heap   total 86016K, used 31949K [0x0000000080000000, 0x0000000100000000)
  region size 1024K, 1 young (1024K), 1 survivors (1024K)
 Metaspace       used 35761K, committed 36160K, reserved 491520K
  class space    used 4968K, committed 5120K, reserved 425984K
}
Event: 15.125 GC heap before
{Heap before GC invocations=11 (full 0):
 garbage-first heap   total 86016K, used 65741K [0x0000000080000000, 0x0000000100000000)
  region size 1024K, 34 young (34816K), 1 survivors (1024K)
 Metaspace       used 38170K, committed 38720K, reserved 491520K
  class space    used 5354K, committed 5568K, reserved 425984K
}
Event: 15.127 GC heap after
{Heap after GC invocations=12 (full 0):
 garbage-first heap   total 86016K, used 33081K [0x0000000080000000, 0x0000000100000000)
  region size 1024K, 2 young (2048K), 2 survivors (2048K)
 Metaspace       used 38170K, committed 38720K, reserved 491520K
  class space    used 5354K, committed 5568K, reserved 425984K
}
Event: 15.168 GC heap before
{Heap before GC invocations=12 (full 0):
 garbage-first heap   total 86016K, used 35129K [0x0000000080000000, 0x0000000100000000)
  region size 1024K, 4 young (4096K), 2 survivors (2048K)
 Metaspace       used 38437K, committed 38976K, reserved 491520K
  class space    used 5406K, committed 5632K, reserved 425984K
}
Event: 15.171 GC heap after
{Heap after GC invocations=13 (full 0):
 garbage-first heap   total 86016K, used 33047K [0x0000000080000000, 0x0000000100000000)
  region size 1024K, 1 young (1024K), 1 survivors (1024K)
 Metaspace       used 38437K, committed 38976K, reserved 491520K
  class space    used 5406K, committed 5632K, reserved 425984K
}
Event: 16.271 GC heap before
{Heap before GC invocations=13 (full 0):
 garbage-first heap   total 86016K, used 66839K [0x0000000080000000, 0x0000000100000000)
  region size 1024K, 34 young (34816K), 1 survivors (1024K)
 Metaspace       used 41890K, committed 42368K, reserved 491520K
  class space    used 5952K, committed 6144K, reserved 425984K
}
Event: 16.274 GC heap after
{Heap after GC invocations=14 (full 0):
 garbage-first heap   total 86016K, used 34117K [0x0000000080000000, 0x0000000100000000)
  region size 1024K, 2 young (2048K), 2 survivors (2048K)
 Metaspace       used 41890K, committed 42368K, reserved 491520K
  class space    used 5952K, committed 6144K, reserved 425984K
}
Event: 17.804 GC heap before
{Heap before GC invocations=14 (full 0):
 garbage-first heap   total 86016K, used 67909K [0x0000000080000000, 0x0000000100000000)
  region size 1024K, 35 young (35840K), 2 survivors (2048K)
 Metaspace       used 45696K, committed 46272K, reserved 491520K
  class space    used 6579K, committed 6848K, reserved 425984K
}
Event: 17.807 GC heap after
{Heap after GC invocations=15 (full 0):
 garbage-first heap   total 86016K, used 35845K [0x0000000080000000, 0x0000000100000000)
  region size 1024K, 3 young (3072K), 3 survivors (3072K)
 Metaspace       used 45696K, committed 46272K, reserved 491520K
  class space    used 6579K, committed 6848K, reserved 425984K
}

Deoptimization events (20 events):
Event: 17.762 Thread 0x000001fc20a77f10 Uncommon trap: trap_request=0xffffff45 fr.pc=0x000001fc7106c230 relative=0x00000000000002f0
Event: 17.762 Thread 0x000001fc20a77f10 Uncommon trap: reason=unstable_if action=reinterpret pc=0x000001fc7106c230 method=org.gradle.internal.reflect.PropertyAccessorType.isGetGetterName(Ljava/lang/String;)Z @ 14 c2
Event: 17.762 Thread 0x000001fc20a77f10 DEOPT PACKING pc=0x000001fc7106c230 sp=0x00000046554f7c90
Event: 17.762 Thread 0x000001fc20a77f10 DEOPT UNPACKING pc=0x000001fc709523a3 sp=0x00000046554f7be8 mode 2
Event: 17.779 Thread 0x000001fc20a77f10 Uncommon trap: trap_request=0xffffff45 fr.pc=0x000001fc70ff3068 relative=0x00000000000000e8
Event: 17.779 Thread 0x000001fc20a77f10 Uncommon trap: reason=unstable_if action=reinterpret pc=0x000001fc70ff3068 method=org.objectweb.asm.ByteVector.putShort(I)Lorg/objectweb/asm/ByteVector; @ 13 c2
Event: 17.779 Thread 0x000001fc20a77f10 DEOPT PACKING pc=0x000001fc70ff3068 sp=0x00000046554f78e0
Event: 17.779 Thread 0x000001fc20a77f10 DEOPT UNPACKING pc=0x000001fc709523a3 sp=0x00000046554f7878 mode 2
Event: 18.099 Thread 0x000001fc21397da0 Uncommon trap: trap_request=0xffffff45 fr.pc=0x000001fc7117c588 relative=0x0000000000000468
Event: 18.099 Thread 0x000001fc21397da0 Uncommon trap: reason=unstable_if action=reinterpret pc=0x000001fc7117c588 method=java.io.BufferedOutputStream.write([BII)V @ 35 c2
Event: 18.099 Thread 0x000001fc21397da0 DEOPT PACKING pc=0x000001fc7117c588 sp=0x0000004655afe8b0
Event: 18.099 Thread 0x000001fc21397da0 DEOPT UNPACKING pc=0x000001fc709523a3 sp=0x0000004655afe788 mode 2
Event: 18.312 Thread 0x000001fc20a77f10 Uncommon trap: trap_request=0xffffffc6 fr.pc=0x000001fc70fe3758 relative=0x0000000000000218
Event: 18.312 Thread 0x000001fc20a77f10 Uncommon trap: reason=bimorphic_or_optimized_type_check action=maybe_recompile pc=0x000001fc70fe3758 method=com.google.common.base.CharMatcher.indexIn(Ljava/lang/CharSequence;I)I @ 31 c2
Event: 18.312 Thread 0x000001fc20a77f10 DEOPT PACKING pc=0x000001fc70fe3758 sp=0x00000046554f8220
Event: 18.312 Thread 0x000001fc20a77f10 DEOPT UNPACKING pc=0x000001fc709523a3 sp=0x00000046554f81c8 mode 2
Event: 18.313 Thread 0x000001fc20a77f10 Uncommon trap: trap_request=0xffffffc6 fr.pc=0x000001fc70fe3758 relative=0x0000000000000218
Event: 18.313 Thread 0x000001fc20a77f10 Uncommon trap: reason=bimorphic_or_optimized_type_check action=maybe_recompile pc=0x000001fc70fe3758 method=com.google.common.base.CharMatcher.indexIn(Ljava/lang/CharSequence;I)I @ 31 c2
Event: 18.313 Thread 0x000001fc20a77f10 DEOPT PACKING pc=0x000001fc70fe3758 sp=0x00000046554f8290
Event: 18.313 Thread 0x000001fc20a77f10 DEOPT UNPACKING pc=0x000001fc709523a3 sp=0x00000046554f8238 mode 2

Classes unloaded (0 events):
No events

Classes redefined (0 events):
No events

Internal exceptions (20 events):
Event: 16.520 Thread 0x000001fc20a77f10 Exception <a 'sun/nio/fs/WindowsException'{0x000000008471ed18}> (0x000000008471ed18) 
thrown [s\open\src\hotspot\share\prims\jni.cpp, line 516]
Event: 16.521 Thread 0x000001fc20a77f10 Exception <a 'sun/nio/fs/WindowsException'{0x0000000084721a48}> (0x0000000084721a48) 
thrown [s\open\src\hotspot\share\prims\jni.cpp, line 516]
Event: 16.521 Thread 0x000001fc20a77f10 Exception <a 'sun/nio/fs/WindowsException'{0x0000000084721e08}> (0x0000000084721e08) 
thrown [s\open\src\hotspot\share\prims\jni.cpp, line 516]
Event: 16.524 Thread 0x000001fc20a77f10 Exception <a 'sun/nio/fs/WindowsException'{0x0000000084740910}> (0x0000000084740910) 
thrown [s\open\src\hotspot\share\prims\jni.cpp, line 516]
Event: 16.524 Thread 0x000001fc20a77f10 Exception <a 'sun/nio/fs/WindowsException'{0x0000000084740cd0}> (0x0000000084740cd0) 
thrown [s\open\src\hotspot\share\prims\jni.cpp, line 516]
Event: 16.628 Thread 0x000001fc20a77f10 Exception <a 'java/lang/NoSuchMethodError'{0x0000000083f8e3a0}: 'void java.lang.invoke.DirectMethodHandle$Holder.invokeStatic(java.lang.Object, java.lang.Object, java.lang.Object, java.lang.Object, java.lang.Object, java.lang.Object, java.lang.Object)'> (0x0000000083f8e3a0) 
thrown [s\open\src\hotspot\share\interpreter\linkResolver.cpp, line 759]
Event: 17.759 Thread 0x000001fc20a77f10 Exception <a 'java/lang/NoSuchMethodError'{0x0000000083559ed8}: 'long java.lang.invoke.DirectMethodHandle$Holder.invokeStatic(java.lang.Object, long)'> (0x0000000083559ed8) 
thrown [s\open\src\hotspot\share\interpreter\linkResolver.cpp, line 759]
Event: 17.936 Thread 0x000001fc20a77f10 Exception <a 'java/lang/NoSuchMethodError'{0x0000000084d25d30}: 'java.lang.Object java.lang.invoke.DirectMethodHandle$Holder.invokeSpecial(java.lang.Object, java.lang.Object, java.lang.Object, java.lang.Object, java.lang.Object, java.lang.Object, java.lang.Object, java.lang.Object, java.lang.Object, java.lang.Object, java.lang.Object, java.lang.Object, java.lang.Object, java.lang.Object, java.lang.Object, java.lang.Object, java.lang.Object, java.lang.Object, java.lang.Object, java.lang.Object, java.lang.Ob
Event: 17.936 Thread 0x000001fc20a77f10 Exception <a 'java/lang/NoSuchMethodError'{0x0000000084d2c0e8}: 'java.lang.Object java.lang.invoke.DelegatingMethodHandle$Holder.reinvoke_L(java.lang.Object, java.lang.Object, java.lang.Object, java.lang.Object, java.lang.Object, java.lang.Object, java.lang.Object, java.lang.Object, java.lang.Object, java.lang.Object, java.lang.Object, java.lang.Object, java.lang.Object, java.lang.Object, java.lang.Object, java.lang.Object, java.lang.Object, java.lang.Object, java.lang.Object, java.lang.Object, java.lang.O
Event: 17.937 Thread 0x000001fc20a77f10 Exception <a 'java/lang/NoSuchMethodError'{0x0000000084d37aa8}: 'java.lang.Object java.lang.invoke.Invokers$Holder.invoker(java.lang.Object, java.lang.Object, java.lang.Object, java.lang.Object, java.lang.Object, java.lang.Object, java.lang.Object, java.lang.Object, java.lang.Object, java.lang.Object, java.lang.Object, java.lang.Object, java.lang.Object, java.lang.Object, java.lang.Object, java.lang.Object, java.lang.Object, java.lang.Object, java.lang.Object, java.lang.Object, java.lang.Object, java.lang.
Event: 17.937 Thread 0x000001fc20a77f10 Exception <a 'java/lang/NoSuchMethodError'{0x0000000084d3e7b0}: 'java.lang.Object java.lang.invoke.DelegatingMethodHandle$Holder.delegate(java.lang.Object, java.lang.Object, java.lang.Object, java.lang.Object, java.lang.Object, java.lang.Object, java.lang.Object, java.lang.Object, java.lang.Object, java.lang.Object, java.lang.Object, java.lang.Object, java.lang.Object, java.lang.Object, java.lang.Object, java.lang.Object, java.lang.Object, java.lang.Object, java.lang.Object, java.lang.Object, java.lang.Obj
Event: 17.945 Thread 0x000001fc20a77f10 Exception <a 'java/lang/NoSuchMethodError'{0x0000000084c0ed78}: 'java.lang.Object java.lang.invoke.DirectMethodHandle$Holder.invokeStatic(java.lang.Object, java.lang.Object, java.lang.Object, java.lang.Object, java.lang.Object, java.lang.Object, java.lang.Object, java.lang.Object, java.lang.Object, java.lang.Object, java.lang.Object, java.lang.Object, java.lang.Object, java.lang.Object, java.lang.Object, java.lang.Object, java.lang.Object, java.lang.Object, java.lang.Object, java.lang.Object, java.lang.Obj
Event: 18.219 Thread 0x000001fc20a77f10 Exception <a 'java/lang/NoSuchMethodError'{0x000000008479e5a8}: static Lorg/gradle/api/internal/catalog/DefaultVersionCatalog;.<clinit>()V> (0x000000008479e5a8) 
thrown [s\open\src\hotspot\share\prims\jni.cpp, line 1107]
Event: 18.233 Thread 0x000001fc20a77f10 Exception <a 'java/lang/NoSuchMethodError'{0x00000000847f3168}: static [Ljava/lang/Object;.<clinit>()V> (0x00000000847f3168) 
thrown [s\open\src\hotspot\share\prims\jni.cpp, line 1107]
Event: 18.248 Thread 0x000001fc20a77f10 Exception <a 'java/lang/NoSuchMethodError'{0x0000000084628d48}: static Lorg/gradle/api/internal/catalog/DependencyModel;.<clinit>()V> (0x0000000084628d48) 
thrown [s\open\src\hotspot\share\prims\jni.cpp, line 1107]
Event: 18.249 Thread 0x000001fc20a77f10 Exception <a 'java/lang/NoSuchMethodError'{0x000000008462c8c0}: static Lorg/gradle/api/internal/catalog/AbstractContextAwareModel;.<clinit>()V> (0x000000008462c8c0) 
thrown [s\open\src\hotspot\share\prims\jni.cpp, line 1107]
Event: 18.255 Thread 0x000001fc20a77f10 Exception <a 'java/lang/NoSuchMethodError'{0x0000000084646200}: static Lorg/gradle/api/internal/artifacts/dependencies/AbstractVersionConstraint;.<clinit>()V> (0x0000000084646200) 
thrown [s\open\src\hotspot\share\prims\jni.cpp, line 1107]
Event: 18.279 Thread 0x000001fc20a77f10 Exception <a 'java/lang/NoSuchMethodError'{0x00000000846ff220}: static Lorg/gradle/api/internal/catalog/PluginModel;.<clinit>()V> (0x00000000846ff220) 
thrown [s\open\src\hotspot\share\prims\jni.cpp, line 1107]
Event: 18.281 Thread 0x000001fc20a77f10 Exception <a 'java/lang/NoSuchMethodError'{0x00000000845164f8}: static Lorg/gradle/api/internal/catalog/VersionModel;.<clinit>()V> (0x00000000845164f8) 
thrown [s\open\src\hotspot\share\prims\jni.cpp, line 1107]
Event: 18.287 Thread 0x000001fc20a77f10 Exception <a 'java/lang/NoSuchMethodError'{0x000000008452e918}: 'void java.lang.invoke.DirectMethodHandle$Holder.invokeSpecial(java.lang.Object, java.lang.Object, java.lang.Object, int)'> (0x000000008452e918) 
thrown [s\open\src\hotspot\share\interpreter\linkResolver.cpp, line 759]

VM Operations (20 events):
Event: 16.413 Executing VM operation: HandshakeAllThreads
Event: 16.413 Executing VM operation: HandshakeAllThreads done
Event: 16.435 Executing VM operation: HandshakeAllThreads
Event: 16.435 Executing VM operation: HandshakeAllThreads done
Event: 16.515 Executing VM operation: HandshakeAllThreads
Event: 16.515 Executing VM operation: HandshakeAllThreads done
Event: 16.532 Executing VM operation: HandshakeAllThreads
Event: 16.532 Executing VM operation: HandshakeAllThreads done
Event: 16.543 Executing VM operation: HandshakeAllThreads
Event: 16.543 Executing VM operation: HandshakeAllThreads done
Event: 16.595 Executing VM operation: ICBufferFull
Event: 16.596 Executing VM operation: ICBufferFull done
Event: 16.612 Executing VM operation: HandshakeAllThreads
Event: 16.612 Executing VM operation: HandshakeAllThreads done
Event: 17.625 Executing VM operation: Cleanup
Event: 17.625 Executing VM operation: Cleanup done
Event: 17.804 Executing VM operation: G1CollectForAllocation
Event: 17.807 Executing VM operation: G1CollectForAllocation done
Event: 18.226 Executing VM operation: HandshakeAllThreads
Event: 18.226 Executing VM operation: HandshakeAllThreads done

Events (20 events):
Event: 18.300 loading class jdk/internal/logger/LoggerFinderLoader$TemporaryLoggerFinder
Event: 18.300 loading class jdk/internal/logger/LoggerFinderLoader$TemporaryLoggerFinder done
Event: 18.301 loading class sun/util/logging/internal/LoggingProviderImpl$JULWrapper
Event: 18.301 loading class sun/util/logging/PlatformLogger$ConfigurableBridge$LoggerConfiguration
Event: 18.301 loading class sun/util/logging/PlatformLogger$ConfigurableBridge$LoggerConfiguration done
Event: 18.301 loading class sun/util/logging/internal/LoggingProviderImpl$JULWrapper done
Event: 18.302 loading class java/io/ObjectInputFilter
Event: 18.302 loading class java/io/ObjectInputFilter done
Event: 18.302 loading class java/io/ObjectInputFilter$Config$BuiltinFilterFactory
Event: 18.302 loading class java/io/ObjectInputFilter$Config$BuiltinFilterFactory done
Event: 18.302 loading class jdk/internal/access/JavaObjectInputFilterAccess
Event: 18.302 loading class jdk/internal/access/JavaObjectInputFilterAccess done
Event: 18.302 loading class java/lang/System$Logger$Level
Event: 18.303 loading class java/lang/System$Logger$Level done
Event: 18.303 loading class jdk/internal/event/DeserializationEvent
Event: 18.303 loading class jdk/internal/event/DeserializationEvent done
Event: 18.304 loading class java/io/ObjectInputStream$FieldValues
Event: 18.304 loading class java/io/ObjectInputStream$GetField
Event: 18.304 loading class java/io/ObjectInputStream$GetField done
Event: 18.304 loading class java/io/ObjectInputStream$FieldValues done


Dynamic libraries:
0x00007ff726380000 - 0x00007ff726390000 	C:\Program Files\Java\jdk-17\bin\java.exe
0x00007ffccc830000 - 0x00007ffccca47000 	C:\WINDOWS\SYSTEM32\ntdll.dll
0x00007ffccb320000 - 0x00007ffccb3e4000 	C:\WINDOWS\System32\KERNEL32.DLL
0x00007ffcc9c80000 - 0x00007ffcca02c000 	C:\WINDOWS\System32\KERNELBASE.dll
0x00007ffcca280000 - 0x00007ffcca391000 	C:\WINDOWS\System32\ucrtbase.dll
0x00007ffc83e00000 - 0x00007ffc83e1b000 	C:\Program Files\Java\jdk-17\bin\VCRUNTIME140.dll
0x00007ffc83e20000 - 0x00007ffc83e39000 	C:\Program Files\Java\jdk-17\bin\jli.dll
0x00007ffccb6b0000 - 0x00007ffccb762000 	C:\WINDOWS\System32\ADVAPI32.dll
0x00007ffccb8b0000 - 0x00007ffccb957000 	C:\WINDOWS\System32\msvcrt.dll
0x00007ffcca680000 - 0x00007ffcca72a000 	C:\WINDOWS\System32\sechost.dll
0x00007ffcca030000 - 0x00007ffcca058000 	C:\WINDOWS\System32\bcrypt.dll
0x00007ffcca7e0000 - 0x00007ffcca8f5000 	C:\WINDOWS\System32\RPCRT4.dll
0x00007ffccb500000 - 0x00007ffccb6ae000 	C:\WINDOWS\System32\USER32.dll
0x00007ffcca060000 - 0x00007ffcca086000 	C:\WINDOWS\System32\win32u.dll
0x00007ffcaa9d0000 - 0x00007ffcaac63000 	C:\WINDOWS\WinSxS\amd64_microsoft.windows.common-controls_6595b64144ccf1df_6.0.22621.3672_none_2713b9d173822955\COMCTL32.dll
0x00007ffcca7b0000 - 0x00007ffcca7d9000 	C:\WINDOWS\System32\GDI32.dll
0x00007ffcc9b60000 - 0x00007ffcc9c79000 	C:\WINDOWS\System32\gdi32full.dll
0x00007ffcca3a0000 - 0x00007ffcca43a000 	C:\WINDOWS\System32\msvcp_win.dll
0x00007ffcc36d0000 - 0x00007ffcc36da000 	C:\WINDOWS\SYSTEM32\VERSION.dll
0x00007ffccb770000 - 0x00007ffccb7a1000 	C:\WINDOWS\System32\IMM32.DLL
0x00007ffc9ab50000 - 0x00007ffc9ab5c000 	C:\Program Files\Java\jdk-17\bin\vcruntime140_1.dll
0x00007ffc6afe0000 - 0x00007ffc6b06e000 	C:\Program Files\Java\jdk-17\bin\msvcp140.dll
0x00007ffc14670000 - 0x00007ffc1524f000 	C:\Program Files\Java\jdk-17\bin\server\jvm.dll
0x00007ffccac90000 - 0x00007ffccac98000 	C:\WINDOWS\System32\PSAPI.DLL
0x00007ffcb2cc0000 - 0x00007ffcb2cc9000 	C:\WINDOWS\SYSTEM32\WSOCK32.dll
0x00007ffccb2a0000 - 0x00007ffccb311000 	C:\WINDOWS\System32\WS2_32.dll
0x00007ffcc5860000 - 0x00007ffcc5894000 	C:\WINDOWS\SYSTEM32\WINMM.dll
0x00007ffcc8b50000 - 0x00007ffcc8b68000 	C:\WINDOWS\SYSTEM32\kernel.appcore.dll
0x00007ffc99d20000 - 0x00007ffc99d2a000 	C:\Program Files\Java\jdk-17\bin\jimage.dll
0x00007ffcc1ce0000 - 0x00007ffcc1f12000 	C:\WINDOWS\SYSTEM32\DBGHELP.DLL
0x00007ffcca900000 - 0x00007ffccac88000 	C:\WINDOWS\System32\combase.dll
0x00007ffccbcf0000 - 0x00007ffccbdc7000 	C:\WINDOWS\System32\OLEAUT32.dll
0x00007ffcb1600000 - 0x00007ffcb1632000 	C:\WINDOWS\SYSTEM32\dbgcore.DLL
0x00007ffcca090000 - 0x00007ffcca10b000 	C:\WINDOWS\System32\bcryptPrimitives.dll
0x00007ffcb6ba0000 - 0x00007ffcb6bae000 	C:\Program Files\Java\jdk-17\bin\instrument.dll
0x00007ffc7d2c0000 - 0x00007ffc7d2e5000 	C:\Program Files\Java\jdk-17\bin\java.dll
0x00007ffc67ca0000 - 0x00007ffc67d77000 	C:\Program Files\Java\jdk-17\bin\jsvml.dll
0x00007ffccbdd0000 - 0x00007ffccc62c000 	C:\WINDOWS\System32\SHELL32.dll
0x00007ffcc7a60000 - 0x00007ffcc8357000 	C:\WINDOWS\SYSTEM32\windows.storage.dll
0x00007ffcc7920000 - 0x00007ffcc7a5f000 	C:\WINDOWS\SYSTEM32\wintypes.dll
0x00007ffccb7b0000 - 0x00007ffccb8a4000 	C:\WINDOWS\System32\SHCORE.dll
0x00007ffccb9c0000 - 0x00007ffccba1e000 	C:\WINDOWS\System32\shlwapi.dll
0x00007ffcc9a90000 - 0x00007ffcc9ab1000 	C:\WINDOWS\SYSTEM32\profapi.dll
0x00007ffc715b0000 - 0x00007ffc715c8000 	C:\Program Files\Java\jdk-17\bin\zip.dll
0x00007ffc83d20000 - 0x00007ffc83d39000 	C:\Program Files\Java\jdk-17\bin\net.dll
0x00007ffcc5c60000 - 0x00007ffcc5d96000 	C:\WINDOWS\SYSTEM32\WINHTTP.dll
0x00007ffcc8fc0000 - 0x00007ffcc9029000 	C:\WINDOWS\system32\mswsock.dll
0x00007ffc83bd0000 - 0x00007ffc83be6000 	C:\Program Files\Java\jdk-17\bin\nio.dll
0x00007ffc99160000 - 0x00007ffc99170000 	C:\Program Files\Java\jdk-17\bin\verify.dll
0x00007ffc522e0000 - 0x00007ffc52307000 	C:\Users\saini\.gradle\native\c067742578af261105cb4f569cf0c3c89f3d7b1fecec35dd04571415982c5e48\windows-amd64\native-platform.dll
0x00007ffc67d80000 - 0x00007ffc67ec4000 	C:\Users\saini\.gradle\native\38dada09dfb8b06ba9b0570ebf7e218e3eb74d4ef43ca46872605cf95ebc2f47\windows-amd64\native-platform-file-events.dll
0x00007ffcb6b60000 - 0x00007ffcb6b6a000 	C:\Program Files\Java\jdk-17\bin\management.dll
0x00007ffca8bc0000 - 0x00007ffca8bcb000 	C:\Program Files\Java\jdk-17\bin\management_ext.dll
0x00007ffcc91e0000 - 0x00007ffcc91fb000 	C:\WINDOWS\SYSTEM32\CRYPTSP.dll
0x00007ffcc8ab0000 - 0x00007ffcc8ae5000 	C:\WINDOWS\system32\rsaenh.dll
0x00007ffcc9080000 - 0x00007ffcc90a8000 	C:\WINDOWS\SYSTEM32\USERENV.dll
0x00007ffcc9200000 - 0x00007ffcc920c000 	C:\WINDOWS\SYSTEM32\CRYPTBASE.dll
0x00007ffcc85c0000 - 0x00007ffcc85ed000 	C:\WINDOWS\SYSTEM32\IPHLPAPI.DLL
0x00007ffccb4f0000 - 0x00007ffccb4f9000 	C:\WINDOWS\System32\NSI.dll
0x00007ffcc5e50000 - 0x00007ffcc5e69000 	C:\WINDOWS\SYSTEM32\dhcpcsvc6.DLL
0x00007ffcc5e30000 - 0x00007ffcc5e4f000 	C:\WINDOWS\SYSTEM32\dhcpcsvc.DLL
0x00007ffcc8630000 - 0x00007ffcc8728000 	C:\WINDOWS\SYSTEM32\DNSAPI.dll
0x00007ffca4a20000 - 0x00007ffca4a2e000 	C:\Program Files\Java\jdk-17\bin\sunmscapi.dll
0x00007ffcca110000 - 0x00007ffcca277000 	C:\WINDOWS\System32\CRYPT32.dll
0x00007ffcc9420000 - 0x00007ffcc944e000 	C:\WINDOWS\SYSTEM32\ncrypt.dll
0x00007ffcc93e0000 - 0x00007ffcc9417000 	C:\WINDOWS\SYSTEM32\NTASN1.dll
0x00007ffc8d0e0000 - 0x00007ffc8d0e8000 	C:\WINDOWS\system32\wshunix.dll

dbghelp: loaded successfully - version: 4.0.5 - missing functions: none
symbol engine: initialized successfully - sym options: 0x614 - pdb path: .;C:\Program Files\Java\jdk-17\bin;C:\WINDOWS\SYSTEM32;C:\WINDOWS\WinSxS\amd64_microsoft.windows.common-controls_6595b64144ccf1df_6.0.22621.3672_none_2713b9d173822955;C:\Program Files\Java\jdk-17\bin\server;C:\Users\saini\.gradle\native\c067742578af261105cb4f569cf0c3c89f3d7b1fecec35dd04571415982c5e48\windows-amd64;C:\Users\saini\.gradle\native\38dada09dfb8b06ba9b0570ebf7e218e3eb74d4ef43ca46872605cf95ebc2f47\windows-amd64

VM Arguments:
jvm_args: -XX:MaxMetaspaceSize=512m --add-opens=java.base/java.util=ALL-UNNAMED --add-opens=java.base/java.lang=ALL-UNNAMED --add-opens=java.base/java.lang.invoke=ALL-UNNAMED --add-opens=java.prefs/java.util.prefs=ALL-UNNAMED --add-opens=java.base/java.nio.charset=ALL-UNNAMED --add-opens=java.base/java.net=ALL-UNNAMED --add-opens=java.base/java.util.concurrent.atomic=ALL-UNNAMED -Xmx2048m -Dfile.encoding=windows-1252 -Duser.country=IN -Duser.language=en -Duser.variant -javaagent:C:\Users\saini\.gradle\wrapper\dists\gradle-8.6-all\3mbtmo166bl6vumsh5k2lkq5h\gradle-8.6\lib\agents\gradle-instrumentation-agent-8.6.jar 
java_command: org.gradle.launcher.daemon.bootstrap.GradleDaemon 8.6
java_class_path (initial): C:\Users\saini\.gradle\wrapper\dists\gradle-8.6-all\3mbtmo166bl6vumsh5k2lkq5h\gradle-8.6\lib\gradle-launcher-8.6.jar
Launcher Type: SUN_STANDARD

[Global flags]
     intx CICompilerCount                          = 4                                         {product} {ergonomic}
   size_t CompressedClassSpaceSize                 = 436207616                                 {product} {ergonomic}
     uint ConcGCThreads                            = 3                                         {product} {ergonomic}
     uint G1ConcRefinementThreads                  = 10                                        {product} {ergonomic}
   size_t G1HeapRegionSize                         = 1048576                                   {product} {ergonomic}
    uintx GCDrainStackTargetSize                   = 64                                        {product} {ergonomic}
   size_t InitialHeapSize                          = 123731968                                 {product} {ergonomic}
   size_t MarkStackSize                            = 4194304                                   {product} {ergonomic}
   size_t MaxHeapSize                              = 2147483648                                {product} {command line}
   size_t MaxMetaspaceSize                         = 536870912                                 {product} {command line}
   size_t MaxNewSize                               = 1287651328                                {product} {ergonomic}
   size_t MinHeapDeltaBytes                        = 1048576                                   {product} {ergonomic}
   size_t MinHeapSize                              = 8388608                                   {product} {ergonomic}
    uintx NonNMethodCodeHeapSize                   = 5839372                                {pd product} {ergonomic}
    uintx NonProfiledCodeHeapSize                  = 122909434                              {pd product} {ergonomic}
    uintx ProfiledCodeHeapSize                     = 122909434                              {pd product} {ergonomic}
    uintx ReservedCodeCacheSize                    = 251658240                              {pd product} {ergonomic}
     bool SegmentedCodeCache                       = true                                      {product} {ergonomic}
   size_t SoftMaxHeapSize                          = 2147483648                             {manageable} {ergonomic}
     bool UseCompressedClassPointers               = true                           {product lp64_product} {ergonomic}
     bool UseCompressedOops                        = true                           {product lp64_product} {ergonomic}
     bool UseG1GC                                  = true                                      {product} {ergonomic}
     bool UseLargePagesIndividualAllocation        = false                                  {pd product} {ergonomic}

Logging:
Log output configuration:
 #0: stdout all=warning uptime,level,tags
 #1: stderr all=off uptime,level,tags

Environment Variables:
JAVA_HOME=C:\Program Files\Java\jdk-11.0.16.1
CLASSPATH=C:\Users\saini\reactNativeScreenlet\android\\gradle\wrapper\gradle-wrapper.jar
PATH=C:\Program Files\Common Files\Oracle\Java\javapath;C:\WINDOWS\system32;C:\WINDOWS;C:\WINDOWS\System32\Wbem;C:\WINDOWS\System32\WindowsPowerShell\v1.0\;C:\WINDOWS\System32\OpenSSH\;C:\Program Files\dotnet\;C:\Program Files\Java\jdk-19\bin;C:\Program Files\Common Files\Oracle\Java\javapath;C:\Program Files\apache-maven-3.9.1-bin\apache-maven-3.9.1\bin;C:\Program Files\MySQL\MySQL Server 8.0\bin;C:\ProgramData\chocolatey\bin;C:\Users\saini\.jpm\windows\bin;C:\Program Files\PuTTY\;C:\Program Files\nodejs\;C:\Program Files\Git\cmd;C:\Users\saini\AppData\Local\pnpm;C:\Users\saini\AppData\Local\Microsoft\WindowsApps;C:\Users\saini\AppData\Local\Programs\Microsoft VS Code\bin;C:\Program Files\MySQL\MySQL Server 8.0\bin;C:\Program Files\JetBrains\IntelliJ IDEA Community Edition 2023.1\bin;C:\Program Files\MySQL\MySQL Server 8.0\bin;C:\Program Files\Java\jdk-11.0.16.1;C:\Users\saini\AppData\Roaming\npm
USERNAME=N1khil
LANG=en_US.UTF-8
OS=Windows_NT
PROCESSOR_IDENTIFIER=AMD64 Family 25 Model 80 Stepping 0, AuthenticAMD



---------------  S Y S T E M  ---------------

OS:
 Windows 11 , 64 bit Build 22621 (10.0.22621.3672)
OS uptime: 0 days 7:29 hours
Hyper-V role detected

CPU: total 12 (initial active 12) (12 cores per cpu, 2 threads per core) family 25 model 80 stepping 0 microcode 0x0, cx8, cmov, fxsr, ht, mmx, 3dnowpref, sse, sse2, sse3, ssse3, sse4a, sse4.1, sse4.2, popcnt, lzcnt, tsc, tscinvbit, avx, avx2, aes, erms, clmul, bmi1, bmi2, adx, sha, fma, vzeroupper, clflush, clflushopt, hv

Memory: 4k page, system-wide physical 7521M (636M free)
TotalPageFile size 31073M (AvailPageFile size 1M)
current process WorkingSet (physical memory assigned to process): 258M, peak: 271M
current process commit charge ("private bytes"): 301M, peak: 314M

vm_info: Java HotSpot(TM) 64-Bit Server VM (17.0.10+11-LTS-240) for windows-amd64 JRE (17.0.10+11-LTS-240), built on Dec 19 2023 21:47:25 by "mach5one" with MS VC++ 17.1 (VS2022)

END.
