#
# There is insufficient memory for the Java Runtime Environment to continue.
# Native memory allocation (malloc) failed to allocate 1074416 bytes for Chunk::new
# Possible reasons:
#   The system is out of physical RAM or swap space
#   The process is running with CompressedOops enabled, and the Java Heap may be blocking the growth of the native heap
# Possible solutions:
#   Reduce memory load on the system
#   Increase physical memory or swap space
#   Check if swap backing store is full
#   Decrease Java heap size (-Xmx/-Xms)
#   Decrease number of Java threads
#   Decrease Java thread stack sizes (-Xss)
#   Set larger code cache with -XX:ReservedCodeCacheSize=
#   JVM is running with Unscaled Compressed Oops mode in which the Java heap is
#     placed in the first 4GB address space. The Java Heap base address is the
#     maximum limit for the native heap growth. Please use -XX:HeapBaseMinAddress
#     to set the Java Heap base and to place the Java Heap above 4GB virtual address.
# This output file may be truncated or incomplete.
#
#  Out of Memory Error (./open/src/hotspot/share/memory/arena.cpp:197), pid=31340, tid=15948
#
# JRE version: Java(TM) SE Runtime Environment 18.9 (11.0.16.1+1) (build 11.0.16.1+1-LTS-1)
# Java VM: Java HotSpot(TM) 64-Bit Server VM 18.9 (11.0.16.1+1-LTS-1, mixed mode, tiered, compressed oops, g1 gc, windows-amd64)
# No core dump will be written. Minidumps are not enabled by default on client versions of Windows
#

---------------  S U M M A R Y ------------

Command Line: -XX:MaxMetaspaceSize=512m --add-opens=java.base/java.util=ALL-UNNAMED --add-opens=java.base/java.lang=ALL-UNNAMED --add-opens=java.base/java.lang.invoke=ALL-UNNAMED --add-opens=java.prefs/java.util.prefs=ALL-UNNAMED --add-opens=java.base/java.nio.charset=ALL-UNNAMED --add-opens=java.base/java.net=ALL-UNNAMED --add-opens=java.base/java.util.concurrent.atomic=ALL-UNNAMED -Xmx2048m -Dfile.encoding=windows-1252 -Duser.country=IN -Duser.language=en -Duser.variant -javaagent:C:\Users\saini\.gradle\wrapper\dists\gradle-8.6-all\3mbtmo166bl6vumsh5k2lkq5h\gradle-8.6\lib\agents\gradle-instrumentation-agent-8.6.jar org.gradle.launcher.daemon.bootstrap.GradleDaemon 8.6

Host: AMD Ryzen 5 5600H with Radeon Graphics         , 12 cores, 7G,  Windows 11 , 64 bit Build 22621 (10.0.22621.3672)
Time: Fri Jun 21 16:30:43 2024 India Standard Time elapsed time: 6.747172 seconds (0d 0h 0m 6s)

---------------  T H R E A D  ---------------

Current thread (0x000001b9af67c000):  JavaThread "C2 CompilerThread0" daemon [_thread_in_native, id=15948, stack(0x0000006d5c100000,0x0000006d5c200000)]


Current CompileTask:
C2:   6747 3200 % !   4       java.util.jar.Attributes::read @ 155 (354 bytes)

Stack: [0x0000006d5c100000,0x0000006d5c200000]
Native frames: (J=compiled Java code, j=interpreted, Vv=VM code, C=native code)
V  [jvm.dll+0x62a3da]
V  [jvm.dll+0x76407f]
V  [jvm.dll+0x765729]
V  [jvm.dll+0x765db3]
V  [jvm.dll+0x23dc18]
V  [jvm.dll+0xb2a1c]
V  [jvm.dll+0xb2fdc]
V  [jvm.dll+0x341452]
V  [jvm.dll+0x30ee03]
V  [jvm.dll+0x30e14a]
V  [jvm.dll+0x1f8685]
V  [jvm.dll+0x1f786d]
V  [jvm.dll+0x177c81]
V  [jvm.dll+0x207186]
V  [jvm.dll+0x20531b]
V  [jvm.dll+0x729f60]
V  [jvm.dll+0x722b34]
V  [jvm.dll+0x629276]
C  [ucrtbase.dll+0x29333]
C  [KERNEL32.DLL+0x1257d]
C  [ntdll.dll+0x5af28]


---------------  P R O C E S S  ---------------

Threads class SMR info:
_java_thread_list=0x000001b9b1659540, length=33, elements={
0x000001b98f21e800, 0x000001b9af658800, 0x000001b9af65a800, 0x000001b9af675800,
0x000001b9af676800, 0x000001b9af678800, 0x000001b9af67c000, 0x000001b9af67d000,
0x000001b9af682000, 0x000001b9b012e800, 0x000001b9b2602800, 0x000001b9b1a5a800,
0x000001b9b1812800, 0x000001b9b2722000, 0x000001b9b14b9800, 0x000001b9b2218800,
0x000001b9b14d9800, 0x000001b9b14de000, 0x000001b9b2449800, 0x000001b9b2381800,
0x000001b9b259e800, 0x000001b9b259b000, 0x000001b9b259f800, 0x000001b9b25a0000,
0x000001b9b25a1800, 0x000001b9b2a40800, 0x000001b9b25a1000, 0x000001b9b259c000,
0x000001b9b259d000, 0x000001b9b259d800, 0x000001b9b0e2b000, 0x000001b9b0e29800,
0x000001b9b0e25800
}

Java Threads: ( => current thread )
  0x000001b98f21e800 JavaThread "main" [_thread_blocked, id=30260, stack(0x0000006d5b500000,0x0000006d5b600000)]
  0x000001b9af658800 JavaThread "Reference Handler" daemon [_thread_blocked, id=20812, stack(0x0000006d5bc00000,0x0000006d5bd00000)]
  0x000001b9af65a800 JavaThread "Finalizer" daemon [_thread_blocked, id=20852, stack(0x0000006d5bd00000,0x0000006d5be00000)]
  0x000001b9af675800 JavaThread "Signal Dispatcher" daemon [_thread_blocked, id=6840, stack(0x0000006d5be00000,0x0000006d5bf00000)]
  0x000001b9af676800 JavaThread "Attach Listener" daemon [_thread_blocked, id=28764, stack(0x0000006d5bf00000,0x0000006d5c000000)]
  0x000001b9af678800 JavaThread "Service Thread" daemon [_thread_blocked, id=8148, stack(0x0000006d5c000000,0x0000006d5c100000)]
=>0x000001b9af67c000 JavaThread "C2 CompilerThread0" daemon [_thread_in_native, id=15948, stack(0x0000006d5c100000,0x0000006d5c200000)]
  0x000001b9af67d000 JavaThread "C1 CompilerThread0" daemon [_thread_in_native, id=29688, stack(0x0000006d5c200000,0x0000006d5c300000)]
  0x000001b9af682000 JavaThread "Sweeper thread" daemon [_thread_blocked, id=31328, stack(0x0000006d5c300000,0x0000006d5c400000)]
  0x000001b9b012e800 JavaThread "Common-Cleaner" daemon [_thread_blocked, id=29124, stack(0x0000006d5c400000,0x0000006d5c500000)]
  0x000001b9b2602800 JavaThread "Daemon health stats" [_thread_blocked, id=16736, stack(0x0000006d5c700000,0x0000006d5c800000)]
  0x000001b9b1a5a800 JavaThread "Incoming local TCP Connector on port 64769" [_thread_in_native, id=16260, stack(0x0000006d5ca00000,0x0000006d5cb00000)]
  0x000001b9b1812800 JavaThread "Daemon periodic checks" [_thread_blocked, id=21948, stack(0x0000006d5cb00000,0x0000006d5cc00000)]
  0x000001b9b2722000 JavaThread "Daemon" [_thread_blocked, id=13928, stack(0x0000006d5cc00000,0x0000006d5cd00000)]
  0x000001b9b14b9800 JavaThread "Handler for socket connection from /127.0.0.1:64769 to /127.0.0.1:64770" [_thread_in_native, id=26796, stack(0x0000006d5cd00000,0x0000006d5ce00000)]
  0x000001b9b2218800 JavaThread "Cancel handler" [_thread_blocked, id=30688, stack(0x0000006d5ce00000,0x0000006d5cf00000)]
  0x000001b9b14d9800 JavaThread "Daemon worker" [_thread_in_Java, id=15596, stack(0x0000006d5cf00000,0x0000006d5d000000)]
  0x000001b9b14de000 JavaThread "Asynchronous log dispatcher for DefaultDaemonConnection: socket connection from /127.0.0.1:64769 to /127.0.0.1:64770" [_thread_blocked, id=25944, stack(0x0000006d5d000000,0x0000006d5d100000)]
  0x000001b9b2449800 JavaThread "Stdin handler" [_thread_blocked, id=27312, stack(0x0000006d5d100000,0x0000006d5d200000)]
  0x000001b9b2381800 JavaThread "Daemon client event forwarder" [_thread_blocked, id=14788, stack(0x0000006d5d200000,0x0000006d5d300000)]
  0x000001b9b259e800 JavaThread "Cache worker for journal cache (C:\Users\saini\.gradle\caches\journal-1)" [_thread_blocked, id=18872, stack(0x0000006d5db00000,0x0000006d5dc00000)]
  0x000001b9b259b000 JavaThread "File lock request listener" [_thread_in_native, id=5780, stack(0x0000006d5dc00000,0x0000006d5dd00000)]
  0x000001b9b259f800 JavaThread "Cache worker for file hash cache (C:\Users\saini\.gradle\caches\8.6\fileHashes)" [_thread_blocked, id=13560, stack(0x0000006d5dd00000,0x0000006d5de00000)]
  0x000001b9b25a0000 JavaThread "File watcher server" daemon [_thread_in_native, id=29752, stack(0x0000006d5de00000,0x0000006d5df00000)]
  0x000001b9b25a1800 JavaThread "File watcher consumer" daemon [_thread_blocked, id=3336, stack(0x0000006d5df00000,0x0000006d5e000000)]
  0x000001b9b2a40800 JavaThread "C2 CompilerThread1" daemon [_thread_in_native, id=27324, stack(0x0000006d5e000000,0x0000006d5e100000)]
  0x000001b9b25a1000 JavaThread "Cache worker for checksums cache (C:\Users\saini\reactNativeScreenlet\android\.gradle\8.6\checksums)" [_thread_blocked, id=3680, stack(0x0000006d5e100000,0x0000006d5e200000)]
  0x000001b9b259c000 JavaThread "Cache worker for file hash cache (C:\Users\saini\reactNativeScreenlet\android\.gradle\8.6\fileHashes)" [_thread_blocked, id=29960, stack(0x0000006d5e200000,0x0000006d5e300000)]
  0x000001b9b259d000 JavaThread "Cache worker for cache directory md-supplier (C:\Users\saini\.gradle\caches\8.6\md-supplier)" [_thread_blocked, id=22312, stack(0x0000006d5e300000,0x0000006d5e400000)]
  0x000001b9b259d800 JavaThread "Cache worker for cache directory md-rule (C:\Users\saini\.gradle\caches\8.6\md-rule)" [_thread_blocked, id=29384, stack(0x0000006d5e400000,0x0000006d5e500000)]
  0x000001b9b0e2b000 JavaThread "Cache worker for file content cache (C:\Users\saini\.gradle\caches\8.6\fileContent)" [_thread_blocked, id=29292, stack(0x0000006d5e500000,0x0000006d5e600000)]
  0x000001b9b0e29800 JavaThread "jar transforms" [_thread_blocked, id=9968, stack(0x0000006d5e600000,0x0000006d5e700000)]
  0x000001b9b0e25800 JavaThread "jar transforms Thread 2" [_thread_blocked, id=18724, stack(0x0000006d5e700000,0x0000006d5e800000)]

Other Threads:
  0x000001b9af656800 VMThread "VM Thread" [stack: 0x0000006d5bb00000,0x0000006d5bc00000] [id=22304]
  0x000001b9b03ae800 WatcherThread [stack: 0x0000006d5c500000,0x0000006d5c600000] [id=1772]
  0x000001b98f234800 GCTaskThread "GC Thread#0" [stack: 0x0000006d5b600000,0x0000006d5b700000] [id=21224]
  0x000001b9b0eb6000 GCTaskThread "GC Thread#1" [stack: 0x0000006d5c600000,0x0000006d5c700000] [id=17796]
  0x000001b9b151a800 GCTaskThread "GC Thread#2" [stack: 0x0000006d5c800000,0x0000006d5c900000] [id=11052]
  0x000001b9b22fd800 GCTaskThread "GC Thread#3" [stack: 0x0000006d5c900000,0x0000006d5ca00000] [id=17096]
  0x000001b9b2625000 GCTaskThread "GC Thread#4" [stack: 0x0000006d5d300000,0x0000006d5d400000] [id=30896]
  0x000001b9b2696800 GCTaskThread "GC Thread#5" [stack: 0x0000006d5d400000,0x0000006d5d500000] [id=29308]
  0x000001b9b279f800 GCTaskThread "GC Thread#6" [stack: 0x0000006d5d500000,0x0000006d5d600000] [id=28460]
  0x000001b9b27a0800 GCTaskThread "GC Thread#7" [stack: 0x0000006d5d600000,0x0000006d5d700000] [id=28788]
  0x000001b9b27a9000 GCTaskThread "GC Thread#8" [stack: 0x0000006d5d700000,0x0000006d5d800000] [id=28368]
  0x000001b9b27aa000 GCTaskThread "GC Thread#9" [stack: 0x0000006d5d800000,0x0000006d5d900000] [id=29956]
  0x000001b98f269000 ConcurrentGCThread "G1 Main Marker" [stack: 0x0000006d5b700000,0x0000006d5b800000] [id=27292]
  0x000001b98f26a000 ConcurrentGCThread "G1 Conc#0" [stack: 0x0000006d5b800000,0x0000006d5b900000] [id=29844]
  0x000001b9b2545000 ConcurrentGCThread "G1 Conc#1" [stack: 0x0000006d5d900000,0x0000006d5da00000] [id=14396]
  0x000001b9b2545800 ConcurrentGCThread "G1 Conc#2" [stack: 0x0000006d5da00000,0x0000006d5db00000] [id=23188]
  0x000001b98f2ed800 ConcurrentGCThread "G1 Refine#0" [stack: 0x0000006d5b900000,0x0000006d5ba00000] [id=18416]
  0x000001b98f2ee800 ConcurrentGCThread "G1 Young RemSet Sampling" [stack: 0x0000006d5ba00000,0x0000006d5bb00000] [id=29084]

Threads with active compile tasks:
C2 CompilerThread0     6768 3200 % !   4       java.util.jar.Attributes::read @ 155 (354 bytes)
C2 CompilerThread1     6768 3227       4       java.util.Arrays::copyOf (40 bytes)

VM state:not at safepoint (normal execution)

VM Mutex/Monitor currently owned by a thread: None

Heap address: 0x0000000080000000, size: 2048 MB, Compressed Oops mode: 32-bit
Narrow klass base: 0x0000000000000000, Narrow klass shift: 3
Compressed class space size: 528482304 Address: 0x0000000100000000

Heap:
 garbage-first heap   total 120832K, used 39404K [0x0000000080000000, 0x0000000100000000)
  region size 1024K, 23 young (23552K), 6 survivors (6144K)
 Metaspace       used 38717K, capacity 39755K, committed 39936K, reserved 550912K
  class space    used 5106K, capacity 5514K, committed 5632K, reserved 516096K
Heap Regions: E=young(eden), S=young(survivor), O=old, HS=humongous(starts), HC=humongous(continues), CS=collection set, F=free, A=archive, TAMS=top-at-mark-start (previous, next)
|   0|0x0000000080000000, 0x0000000080100000, 0x0000000080100000|100%|HS|  |TAMS 0x0000000080100000, 0x0000000080000000| Complete 
|   1|0x0000000080100000, 0x0000000080200000, 0x0000000080200000|100%|HC|  |TAMS 0x0000000080200000, 0x0000000080100000| Complete 
|   2|0x0000000080200000, 0x0000000080300000, 0x0000000080300000|100%|HC|  |TAMS 0x0000000080300000, 0x0000000080200000| Complete 
|   3|0x0000000080300000, 0x0000000080400000, 0x0000000080400000|100%|HC|  |TAMS 0x0000000080400000, 0x0000000080300000| Complete 
|   4|0x0000000080400000, 0x0000000080500000, 0x0000000080500000|100%| O|  |TAMS 0x0000000080500000, 0x0000000080400000| Untracked 
|   5|0x0000000080500000, 0x0000000080600000, 0x0000000080600000|100%| O|  |TAMS 0x0000000080600000, 0x0000000080500000| Untracked 
|   6|0x0000000080600000, 0x0000000080700000, 0x0000000080700000|100%| O|  |TAMS 0x0000000080700000, 0x0000000080600000| Untracked 
|   7|0x0000000080700000, 0x0000000080800000, 0x0000000080800000|100%| O|  |TAMS 0x0000000080800000, 0x0000000080700000| Untracked 
|   8|0x0000000080800000, 0x0000000080900000, 0x0000000080900000|100%| O|  |TAMS 0x0000000080900000, 0x0000000080800000| Untracked 
|   9|0x0000000080900000, 0x0000000080a00000, 0x0000000080a00000|100%| O|  |TAMS 0x0000000080a00000, 0x0000000080900000| Untracked 
|  10|0x0000000080a00000, 0x0000000080b00000, 0x0000000080b00000|100%| O|  |TAMS 0x0000000080b00000, 0x0000000080a00000| Untracked 
|  11|0x0000000080b00000, 0x0000000080c00000, 0x0000000080c00000|100%| O|  |TAMS 0x0000000080c00000, 0x0000000080b00000| Untracked 
|  12|0x0000000080c00000, 0x0000000080d00000, 0x0000000080d00000|100%| O|  |TAMS 0x0000000080d00000, 0x0000000080c00000| Untracked 
|  13|0x0000000080d00000, 0x0000000080e00000, 0x0000000080e00000|100%| O|  |TAMS 0x0000000080e00000, 0x0000000080d00000| Untracked 
|  14|0x0000000080e00000, 0x0000000080f00000, 0x0000000080f00000|100%| O|  |TAMS 0x0000000080f00000, 0x0000000080e00000| Untracked 
|  15|0x0000000080f00000, 0x0000000081000000, 0x0000000081000000|100%| O|  |TAMS 0x0000000081000000, 0x0000000080f00000| Untracked 
|  16|0x0000000081000000, 0x0000000081100000, 0x0000000081100000|100%| O|  |TAMS 0x0000000081100000, 0x0000000081000000| Untracked 
|  17|0x0000000081100000, 0x00000000811e7000, 0x0000000081200000| 90%| O|  |TAMS 0x00000000811e7000, 0x0000000081100000| Untracked 
|  18|0x0000000081200000, 0x0000000081200000, 0x0000000081300000|  0%| F|  |TAMS 0x0000000081200000, 0x0000000081200000| Untracked 
|  19|0x0000000081300000, 0x0000000081300000, 0x0000000081400000|  0%| F|  |TAMS 0x0000000081300000, 0x0000000081300000| Untracked 
|  20|0x0000000081400000, 0x0000000081400000, 0x0000000081500000|  0%| F|  |TAMS 0x0000000081400000, 0x0000000081400000| Untracked 
|  21|0x0000000081500000, 0x0000000081500000, 0x0000000081600000|  0%| F|  |TAMS 0x0000000081500000, 0x0000000081500000| Untracked 
|  22|0x0000000081600000, 0x0000000081600000, 0x0000000081700000|  0%| F|  |TAMS 0x0000000081600000, 0x0000000081600000| Untracked 
|  23|0x0000000081700000, 0x0000000081700000, 0x0000000081800000|  0%| F|  |TAMS 0x0000000081700000, 0x0000000081700000| Untracked 
|  24|0x0000000081800000, 0x0000000081800000, 0x0000000081900000|  0%| F|  |TAMS 0x0000000081800000, 0x0000000081800000| Untracked 
|  25|0x0000000081900000, 0x0000000081900000, 0x0000000081a00000|  0%| F|  |TAMS 0x0000000081900000, 0x0000000081900000| Untracked 
|  26|0x0000000081a00000, 0x0000000081a00000, 0x0000000081b00000|  0%| F|  |TAMS 0x0000000081a00000, 0x0000000081a00000| Untracked 
|  27|0x0000000081b00000, 0x0000000081b00000, 0x0000000081c00000|  0%| F|  |TAMS 0x0000000081b00000, 0x0000000081b00000| Untracked 
|  28|0x0000000081c00000, 0x0000000081c00000, 0x0000000081d00000|  0%| F|  |TAMS 0x0000000081c00000, 0x0000000081c00000| Untracked 
|  29|0x0000000081d00000, 0x0000000081d00000, 0x0000000081e00000|  0%| F|  |TAMS 0x0000000081d00000, 0x0000000081d00000| Untracked 
|  30|0x0000000081e00000, 0x0000000081e00000, 0x0000000081f00000|  0%| F|  |TAMS 0x0000000081e00000, 0x0000000081e00000| Untracked 
|  31|0x0000000081f00000, 0x0000000081f00000, 0x0000000082000000|  0%| F|  |TAMS 0x0000000081f00000, 0x0000000081f00000| Untracked 
|  32|0x0000000082000000, 0x0000000082000000, 0x0000000082100000|  0%| F|  |TAMS 0x0000000082000000, 0x0000000082000000| Untracked 
|  33|0x0000000082100000, 0x0000000082100000, 0x0000000082200000|  0%| F|  |TAMS 0x0000000082100000, 0x0000000082100000| Untracked 
|  34|0x0000000082200000, 0x0000000082200000, 0x0000000082300000|  0%| F|  |TAMS 0x0000000082200000, 0x0000000082200000| Untracked 
|  35|0x0000000082300000, 0x0000000082300000, 0x0000000082400000|  0%| F|  |TAMS 0x0000000082300000, 0x0000000082300000| Untracked 
|  36|0x0000000082400000, 0x0000000082400000, 0x0000000082500000|  0%| F|  |TAMS 0x0000000082400000, 0x0000000082400000| Untracked 
|  37|0x0000000082500000, 0x0000000082500000, 0x0000000082600000|  0%| F|  |TAMS 0x0000000082500000, 0x0000000082500000| Untracked 
|  38|0x0000000082600000, 0x0000000082600000, 0x0000000082700000|  0%| F|  |TAMS 0x0000000082600000, 0x0000000082600000| Untracked 
|  39|0x0000000082700000, 0x0000000082700000, 0x0000000082800000|  0%| F|  |TAMS 0x0000000082700000, 0x0000000082700000| Untracked 
|  40|0x0000000082800000, 0x0000000082800000, 0x0000000082900000|  0%| F|  |TAMS 0x0000000082800000, 0x0000000082800000| Untracked 
|  41|0x0000000082900000, 0x0000000082900000, 0x0000000082a00000|  0%| F|  |TAMS 0x0000000082900000, 0x0000000082900000| Untracked 
|  42|0x0000000082a00000, 0x0000000082a00000, 0x0000000082b00000|  0%| F|  |TAMS 0x0000000082a00000, 0x0000000082a00000| Untracked 
|  43|0x0000000082b00000, 0x0000000082b00000, 0x0000000082c00000|  0%| F|  |TAMS 0x0000000082b00000, 0x0000000082b00000| Untracked 
|  44|0x0000000082c00000, 0x0000000082c00000, 0x0000000082d00000|  0%| F|  |TAMS 0x0000000082c00000, 0x0000000082c00000| Untracked 
|  45|0x0000000082d00000, 0x0000000082d00000, 0x0000000082e00000|  0%| F|  |TAMS 0x0000000082d00000, 0x0000000082d00000| Untracked 
|  46|0x0000000082e00000, 0x0000000082e00000, 0x0000000082f00000|  0%| F|  |TAMS 0x0000000082e00000, 0x0000000082e00000| Untracked 
|  47|0x0000000082f00000, 0x0000000082f00000, 0x0000000083000000|  0%| F|  |TAMS 0x0000000082f00000, 0x0000000082f00000| Untracked 
|  48|0x0000000083000000, 0x0000000083000000, 0x0000000083100000|  0%| F|  |TAMS 0x0000000083000000, 0x0000000083000000| Untracked 
|  49|0x0000000083100000, 0x0000000083100000, 0x0000000083200000|  0%| F|  |TAMS 0x0000000083100000, 0x0000000083100000| Untracked 
|  50|0x0000000083200000, 0x0000000083200000, 0x0000000083300000|  0%| F|  |TAMS 0x0000000083200000, 0x0000000083200000| Untracked 
|  51|0x0000000083300000, 0x0000000083300000, 0x0000000083400000|  0%| F|  |TAMS 0x0000000083300000, 0x0000000083300000| Untracked 
|  52|0x0000000083400000, 0x0000000083400000, 0x0000000083500000|  0%| F|  |TAMS 0x0000000083400000, 0x0000000083400000| Untracked 
|  53|0x0000000083500000, 0x0000000083500000, 0x0000000083600000|  0%| F|  |TAMS 0x0000000083500000, 0x0000000083500000| Untracked 
|  54|0x0000000083600000, 0x0000000083600000, 0x0000000083700000|  0%| F|  |TAMS 0x0000000083600000, 0x0000000083600000| Untracked 
|  55|0x0000000083700000, 0x0000000083700000, 0x0000000083800000|  0%| F|  |TAMS 0x0000000083700000, 0x0000000083700000| Untracked 
|  56|0x0000000083800000, 0x0000000083800000, 0x0000000083900000|  0%| F|  |TAMS 0x0000000083800000, 0x0000000083800000| Untracked 
|  57|0x0000000083900000, 0x0000000083900000, 0x0000000083a00000|  0%| F|  |TAMS 0x0000000083900000, 0x0000000083900000| Untracked 
|  58|0x0000000083a00000, 0x0000000083a00000, 0x0000000083b00000|  0%| F|  |TAMS 0x0000000083a00000, 0x0000000083a00000| Untracked 
|  59|0x0000000083b00000, 0x0000000083b00000, 0x0000000083c00000|  0%| F|  |TAMS 0x0000000083b00000, 0x0000000083b00000| Untracked 
|  60|0x0000000083c00000, 0x0000000083c00000, 0x0000000083d00000|  0%| F|  |TAMS 0x0000000083c00000, 0x0000000083c00000| Untracked 
|  61|0x0000000083d00000, 0x0000000083d00000, 0x0000000083e00000|  0%| F|  |TAMS 0x0000000083d00000, 0x0000000083d00000| Untracked 
|  62|0x0000000083e00000, 0x0000000083e00000, 0x0000000083f00000|  0%| F|  |TAMS 0x0000000083e00000, 0x0000000083e00000| Untracked 
|  63|0x0000000083f00000, 0x0000000083f00000, 0x0000000084000000|  0%| F|  |TAMS 0x0000000083f00000, 0x0000000083f00000| Untracked 
|  64|0x0000000084000000, 0x0000000084000000, 0x0000000084100000|  0%| F|  |TAMS 0x0000000084000000, 0x0000000084000000| Untracked 
|  65|0x0000000084100000, 0x0000000084100000, 0x0000000084200000|  0%| F|  |TAMS 0x0000000084100000, 0x0000000084100000| Untracked 
|  66|0x0000000084200000, 0x0000000084200000, 0x0000000084300000|  0%| F|  |TAMS 0x0000000084200000, 0x0000000084200000| Untracked 
|  67|0x0000000084300000, 0x0000000084394308, 0x0000000084400000| 57%| S|CS|TAMS 0x0000000084300000, 0x0000000084300000| Complete 
|  68|0x0000000084400000, 0x0000000084500000, 0x0000000084500000|100%| S|CS|TAMS 0x0000000084400000, 0x0000000084400000| Complete 
|  69|0x0000000084500000, 0x0000000084600000, 0x0000000084600000|100%| S|CS|TAMS 0x0000000084500000, 0x0000000084500000| Complete 
|  70|0x0000000084600000, 0x0000000084700000, 0x0000000084700000|100%| S|CS|TAMS 0x0000000084600000, 0x0000000084600000| Complete 
|  71|0x0000000084700000, 0x0000000084800000, 0x0000000084800000|100%| S|CS|TAMS 0x0000000084700000, 0x0000000084700000| Complete 
|  72|0x0000000084800000, 0x0000000084900000, 0x0000000084900000|100%| S|CS|TAMS 0x0000000084800000, 0x0000000084800000| Complete 
|  73|0x0000000084900000, 0x0000000084900000, 0x0000000084a00000|  0%| F|  |TAMS 0x0000000084900000, 0x0000000084900000| Untracked 
|  74|0x0000000084a00000, 0x0000000084a00000, 0x0000000084b00000|  0%| F|  |TAMS 0x0000000084a00000, 0x0000000084a00000| Untracked 
|  75|0x0000000084b00000, 0x0000000084b00000, 0x0000000084c00000|  0%| F|  |TAMS 0x0000000084b00000, 0x0000000084b00000| Untracked 
|  76|0x0000000084c00000, 0x0000000084c00000, 0x0000000084d00000|  0%| F|  |TAMS 0x0000000084c00000, 0x0000000084c00000| Untracked 
|  77|0x0000000084d00000, 0x0000000084d00000, 0x0000000084e00000|  0%| F|  |TAMS 0x0000000084d00000, 0x0000000084d00000| Untracked 
|  78|0x0000000084e00000, 0x0000000084e00000, 0x0000000084f00000|  0%| F|  |TAMS 0x0000000084e00000, 0x0000000084e00000| Untracked 
|  79|0x0000000084f00000, 0x0000000084f00000, 0x0000000085000000|  0%| F|  |TAMS 0x0000000084f00000, 0x0000000084f00000| Untracked 
|  80|0x0000000085000000, 0x0000000085000000, 0x0000000085100000|  0%| F|  |TAMS 0x0000000085000000, 0x0000000085000000| Untracked 
|  81|0x0000000085100000, 0x0000000085100000, 0x0000000085200000|  0%| F|  |TAMS 0x0000000085100000, 0x0000000085100000| Untracked 
|  82|0x0000000085200000, 0x0000000085200000, 0x0000000085300000|  0%| F|  |TAMS 0x0000000085200000, 0x0000000085200000| Untracked 
|  83|0x0000000085300000, 0x0000000085300000, 0x0000000085400000|  0%| F|  |TAMS 0x0000000085300000, 0x0000000085300000| Untracked 
|  84|0x0000000085400000, 0x0000000085400000, 0x0000000085500000|  0%| F|  |TAMS 0x0000000085400000, 0x0000000085400000| Untracked 
|  85|0x0000000085500000, 0x0000000085500000, 0x0000000085600000|  0%| F|  |TAMS 0x0000000085500000, 0x0000000085500000| Untracked 
|  86|0x0000000085600000, 0x0000000085600000, 0x0000000085700000|  0%| F|  |TAMS 0x0000000085600000, 0x0000000085600000| Untracked 
|  87|0x0000000085700000, 0x0000000085700000, 0x0000000085800000|  0%| F|  |TAMS 0x0000000085700000, 0x0000000085700000| Untracked 
|  88|0x0000000085800000, 0x0000000085800000, 0x0000000085900000|  0%| F|  |TAMS 0x0000000085800000, 0x0000000085800000| Untracked 
|  89|0x0000000085900000, 0x0000000085900000, 0x0000000085a00000|  0%| F|  |TAMS 0x0000000085900000, 0x0000000085900000| Untracked 
|  90|0x0000000085a00000, 0x0000000085a00000, 0x0000000085b00000|  0%| F|  |TAMS 0x0000000085a00000, 0x0000000085a00000| Untracked 
|  91|0x0000000085b00000, 0x0000000085b00000, 0x0000000085c00000|  0%| F|  |TAMS 0x0000000085b00000, 0x0000000085b00000| Untracked 
|  92|0x0000000085c00000, 0x0000000085c00000, 0x0000000085d00000|  0%| F|  |TAMS 0x0000000085c00000, 0x0000000085c00000| Untracked 
|  93|0x0000000085d00000, 0x0000000085d00000, 0x0000000085e00000|  0%| F|  |TAMS 0x0000000085d00000, 0x0000000085d00000| Untracked 
|  94|0x0000000085e00000, 0x0000000085e00000, 0x0000000085f00000|  0%| F|  |TAMS 0x0000000085e00000, 0x0000000085e00000| Untracked 
|  95|0x0000000085f00000, 0x0000000085f00000, 0x0000000086000000|  0%| F|  |TAMS 0x0000000085f00000, 0x0000000085f00000| Untracked 
|  96|0x0000000086000000, 0x0000000086000000, 0x0000000086100000|  0%| F|  |TAMS 0x0000000086000000, 0x0000000086000000| Untracked 
|  97|0x0000000086100000, 0x0000000086100000, 0x0000000086200000|  0%| F|  |TAMS 0x0000000086100000, 0x0000000086100000| Untracked 
|  98|0x0000000086200000, 0x0000000086200000, 0x0000000086300000|  0%| F|  |TAMS 0x0000000086200000, 0x0000000086200000| Untracked 
|  99|0x0000000086300000, 0x0000000086300000, 0x0000000086400000|  0%| F|  |TAMS 0x0000000086300000, 0x0000000086300000| Untracked 
| 100|0x0000000086400000, 0x000000008648fc10, 0x0000000086500000| 56%| E|  |TAMS 0x0000000086400000, 0x0000000086400000| Complete 
| 101|0x0000000086500000, 0x0000000086600000, 0x0000000086600000|100%| E|CS|TAMS 0x0000000086500000, 0x0000000086500000| Complete 
| 102|0x0000000086600000, 0x0000000086700000, 0x0000000086700000|100%| E|CS|TAMS 0x0000000086600000, 0x0000000086600000| Complete 
| 103|0x0000000086700000, 0x0000000086800000, 0x0000000086800000|100%| E|CS|TAMS 0x0000000086700000, 0x0000000086700000| Complete 
| 104|0x0000000086800000, 0x0000000086900000, 0x0000000086900000|100%| E|CS|TAMS 0x0000000086800000, 0x0000000086800000| Complete 
| 105|0x0000000086900000, 0x0000000086a00000, 0x0000000086a00000|100%| E|CS|TAMS 0x0000000086900000, 0x0000000086900000| Complete 
| 106|0x0000000086a00000, 0x0000000086b00000, 0x0000000086b00000|100%| E|CS|TAMS 0x0000000086a00000, 0x0000000086a00000| Complete 
| 107|0x0000000086b00000, 0x0000000086c00000, 0x0000000086c00000|100%| E|CS|TAMS 0x0000000086b00000, 0x0000000086b00000| Complete 
| 108|0x0000000086c00000, 0x0000000086d00000, 0x0000000086d00000|100%| E|  |TAMS 0x0000000086c00000, 0x0000000086c00000| Complete 
| 109|0x0000000086d00000, 0x0000000086e00000, 0x0000000086e00000|100%| E|CS|TAMS 0x0000000086d00000, 0x0000000086d00000| Complete 
| 110|0x0000000086e00000, 0x0000000086f00000, 0x0000000086f00000|100%| E|CS|TAMS 0x0000000086e00000, 0x0000000086e00000| Complete 
| 111|0x0000000086f00000, 0x0000000087000000, 0x0000000087000000|100%| E|CS|TAMS 0x0000000086f00000, 0x0000000086f00000| Complete 
| 112|0x0000000087000000, 0x0000000087100000, 0x0000000087100000|100%| E|CS|TAMS 0x0000000087000000, 0x0000000087000000| Complete 
| 113|0x0000000087100000, 0x0000000087200000, 0x0000000087200000|100%| E|CS|TAMS 0x0000000087100000, 0x0000000087100000| Complete 
| 114|0x0000000087200000, 0x0000000087300000, 0x0000000087300000|100%| E|CS|TAMS 0x0000000087200000, 0x0000000087200000| Complete 
| 115|0x0000000087300000, 0x0000000087400000, 0x0000000087400000|100%| E|CS|TAMS 0x0000000087300000, 0x0000000087300000| Complete 
| 116|0x0000000087400000, 0x0000000087500000, 0x0000000087500000|100%| E|CS|TAMS 0x0000000087400000, 0x0000000087400000| Complete 
| 117|0x0000000087500000, 0x0000000087600000, 0x0000000087600000|100%| E|CS|TAMS 0x0000000087500000, 0x0000000087500000| Complete 

Card table byte_map: [0x000001b9a8170000,0x000001b9a8570000] _byte_map_base: 0x000001b9a7d70000

Marking Bits (Prev, Next): (CMBitMap*) 0x000001b98f25ffe8, (CMBitMap*) 0x000001b98f260020
 Prev Bits: [0x000001b9a8970000, 0x000001b9aa970000)
 Next Bits: [0x000001b9aa970000, 0x000001b9ac970000)

Polling page: 0x000001b98f2f0000

Metaspace:

Usage:
  Non-class:     33.56 MB capacity,    32.93 MB ( 98%) used,   547.10 KB (  2%) free+waste,   102.25 KB ( <1%) overhead. 
      Class:      5.38 MB capacity,     4.99 MB ( 93%) used,   351.74 KB (  6%) free+waste,    51.75 KB ( <1%) overhead. 
       Both:     38.95 MB capacity,    37.92 MB ( 97%) used,   898.84 KB (  2%) free+waste,   154.00 KB ( <1%) overhead. 

Virtual space:
  Non-class space:       34.00 MB reserved,      33.75 MB (>99%) committed 
      Class space:      504.00 MB reserved,       5.50 MB (  1%) committed 
             Both:      538.00 MB reserved,      39.25 MB (  7%) committed 

Chunk freelists:
   Non-Class:  7.88 KB
       Class:  2.75 KB
        Both:  10.63 KB

CodeHeap 'non-profiled nmethods': size=120000Kb used=1667Kb max_used=1667Kb free=118332Kb
 bounds [0x000001b99fbb0000, 0x000001b99fe20000, 0x000001b9a70e0000]
CodeHeap 'profiled nmethods': size=120000Kb used=6918Kb max_used=6918Kb free=113081Kb
 bounds [0x000001b998680000, 0x000001b998d50000, 0x000001b99fbb0000]
CodeHeap 'non-nmethods': size=5760Kb used=1188Kb max_used=1241Kb free=4571Kb
 bounds [0x000001b9980e0000, 0x000001b998350000, 0x000001b998680000]
 total_blobs=3757 nmethods=3213 adapters=455
 compilation: enabled
              stopped_count=0, restarted_count=0
 full_count=0

Compilation events (10 events):
Event: 6.725 Thread 0x000001b9b2a40800 nmethod 3211 0x000001b99fd4f810 code [0x000001b99fd4f9a0, 0x000001b99fd4fa58]
Event: 6.726 Thread 0x000001b9af67d000 nmethod 3213 0x000001b998d39a10 code [0x000001b998d39c00, 0x000001b998d3a118]
Event: 6.726 Thread 0x000001b9af67d000 3214       3       java.util.stream.ReferencePipeline$2::<init> (20 bytes)
Event: 6.726 Thread 0x000001b9af67d000 nmethod 3214 0x000001b998d3a310 code [0x000001b998d3a4c0, 0x000001b998d3a788]
Event: 6.726 Thread 0x000001b9af67d000 3215       3       java.util.stream.ReferencePipeline$2::opWrapSink (10 bytes)
Event: 6.726 Thread 0x000001b9af67d000 nmethod 3215 0x000001b998d3a910 code [0x000001b998d3ab00, 0x000001b998d3b088]
Event: 6.726 Thread 0x000001b9af67d000 3216       3       java.util.stream.ReferencePipeline$2$1::<init> (11 bytes)
Event: 6.726 Thread 0x000001b9af67d000 nmethod 3216 0x000001b998d3b290 code [0x000001b998d3b460, 0x000001b998d3b928]
Event: 6.726 Thread 0x000001b9af67d000 3217       3       java.util.stream.ReferencePipeline$2$1::begin (13 bytes)
Event: 6.726 Thread 0x000001b9af67d000 nmethod 3217 0x000001b998d3ba90 code [0x000001b998d3bc40, 0x000001b998d3be08]

GC Heap History (10 events):
Event: 1.698 GC heap before
{Heap before GC invocations=1 (full 0):
 garbage-first heap   total 120832K, used 79470K [0x0000000080000000, 0x0000000100000000)
  region size 1024K, 70 young (71680K), 3 survivors (3072K)
 Metaspace       used 14780K, capacity 15080K, committed 15232K, reserved 530432K
  class space    used 1666K, capacity 1796K, committed 1920K, reserved 516096K
}
Event: 1.707 GC heap after
{Heap after GC invocations=2 (full 0):
 garbage-first heap   total 120832K, used 17354K [0x0000000080000000, 0x0000000100000000)
  region size 1024K, 9 young (9216K), 9 survivors (9216K)
 Metaspace       used 14780K, capacity 15080K, committed 15232K, reserved 530432K
  class space    used 1666K, capacity 1796K, committed 1920K, reserved 516096K
}
Event: 3.583 GC heap before
{Heap before GC invocations=2 (full 0):
 garbage-first heap   total 120832K, used 54218K [0x0000000080000000, 0x0000000100000000)
  region size 1024K, 46 young (47104K), 9 survivors (9216K)
 Metaspace       used 20623K, capacity 21070K, committed 21248K, reserved 534528K
  class space    used 2498K, capacity 2695K, committed 2816K, reserved 516096K
}
Event: 3.590 GC heap after
{Heap after GC invocations=3 (full 0):
 garbage-first heap   total 120832K, used 18739K [0x0000000080000000, 0x0000000100000000)
  region size 1024K, 2 young (2048K), 2 survivors (2048K)
 Metaspace       used 20623K, capacity 21070K, committed 21248K, reserved 534528K
  class space    used 2498K, capacity 2695K, committed 2816K, reserved 516096K
}
Event: 5.370 GC heap before
{Heap before GC invocations=4 (full 0):
 garbage-first heap   total 120832K, used 69939K [0x0000000080000000, 0x0000000100000000)
  region size 1024K, 52 young (53248K), 2 survivors (2048K)
 Metaspace       used 25016K, capacity 25612K, committed 25856K, reserved 538624K
  class space    used 3212K, capacity 3469K, committed 3584K, reserved 516096K
}
Event: 5.372 GC heap after
{Heap after GC invocations=5 (full 0):
 garbage-first heap   total 120832K, used 20193K [0x0000000080000000, 0x0000000100000000)
  region size 1024K, 4 young (4096K), 4 survivors (4096K)
 Metaspace       used 25016K, capacity 25612K, committed 25856K, reserved 538624K
  class space    used 3212K, capacity 3469K, committed 3584K, reserved 516096K
}
Event: 5.857 GC heap before
{Heap before GC invocations=5 (full 0):
 garbage-first heap   total 120832K, used 75489K [0x0000000080000000, 0x0000000100000000)
  region size 1024K, 58 young (59392K), 4 survivors (4096K)
 Metaspace       used 29423K, capacity 30139K, committed 30336K, reserved 542720K
  class space    used 3906K, capacity 4199K, committed 4224K, reserved 516096K
}
Event: 5.860 GC heap after
{Heap after GC invocations=6 (full 0):
 garbage-first heap   total 120832K, used 22059K [0x0000000080000000, 0x0000000100000000)
  region size 1024K, 6 young (6144K), 6 survivors (6144K)
 Metaspace       used 29423K, capacity 30139K, committed 30336K, reserved 542720K
  class space    used 3906K, capacity 4199K, committed 4224K, reserved 516096K
}
Event: 6.422 GC heap before
{Heap before GC invocations=6 (full 0):
 garbage-first heap   total 120832K, used 67115K [0x0000000080000000, 0x0000000100000000)
  region size 1024K, 51 young (52224K), 6 survivors (6144K)
 Metaspace       used 34832K, capacity 35730K, committed 35840K, reserved 546816K
  class space    used 4678K, capacity 5045K, committed 5120K, reserved 516096K
}
Event: 6.427 GC heap after
{Heap after GC invocations=7 (full 0):
 garbage-first heap   total 120832K, used 24044K [0x0000000080000000, 0x0000000100000000)
  region size 1024K, 6 young (6144K), 6 survivors (6144K)
 Metaspace       used 34832K, capacity 35730K, committed 35840K, reserved 546816K
  class space    used 4678K, capacity 5045K, committed 5120K, reserved 516096K
}

Deoptimization events (10 events):
Event: 6.411 Thread 0x000001b9b14d9800 Uncommon trap: reason=unstable_if action=reinterpret pc=0x000001b99fc3ca54 method=java.util.zip.ZipFile$Source.initCEN(ILjava/util/zip/ZipCoder;)V @ 617 c2
Event: 6.412 Thread 0x000001b9b14d9800 Uncommon trap: reason=unstable_if action=reinterpret pc=0x000001b99fcbc8e0 method=java.net.URLClassLoader.defineClass(Ljava/lang/String;Ljdk/internal/loader/Resource;)Ljava/lang/Class; @ 21 c2
Event: 6.412 Thread 0x000001b9b14d9800 Uncommon trap: reason=unstable_if action=reinterpret pc=0x000001b99fcac7b8 method=java.lang.ClassLoader.getClassLoadingLock(Ljava/lang/String;)Ljava/lang/Object; @ 6 c2
Event: 6.413 Thread 0x000001b9b14d9800 Uncommon trap: reason=unstable_if action=reinterpret pc=0x000001b99fcf1340 method=java.lang.Class.getPackageName()Ljava/lang/String; @ 55 c2
Event: 6.414 Thread 0x000001b9b14d9800 Uncommon trap: reason=unstable_if action=reinterpret pc=0x000001b99fc631c0 method=java.util.concurrent.ConcurrentHashMap.putVal(Ljava/lang/Object;Ljava/lang/Object;Z)Ljava/lang/Object; @ 231 c2
Event: 6.495 Thread 0x000001b9b14d9800 Uncommon trap: reason=bimorphic_or_optimized_type_check action=maybe_recompile pc=0x000001b99fd19538 method=java.io.BufferedInputStream.read([BII)I @ 101 c2
Event: 6.496 Thread 0x000001b9b14d9800 Uncommon trap: reason=bimorphic_or_optimized_type_check action=maybe_recompile pc=0x000001b99fd19538 method=java.io.BufferedInputStream.read([BII)I @ 101 c2
Event: 6.496 Thread 0x000001b9b14d9800 Uncommon trap: reason=bimorphic_or_optimized_type_check action=maybe_recompile pc=0x000001b99fd19538 method=java.io.BufferedInputStream.read([BII)I @ 101 c2
Event: 6.497 Thread 0x000001b9b14d9800 Uncommon trap: reason=bimorphic_or_optimized_type_check action=maybe_recompile pc=0x000001b99fd19538 method=java.io.BufferedInputStream.read([BII)I @ 101 c2
Event: 6.687 Thread 0x000001b9b14d9800 Uncommon trap: reason=unstable_if action=reinterpret pc=0x000001b99fd41fe4 method=java.util.Properties$LineReader.readLine()I @ 95 c2

Classes redefined (0 events):
No events

Internal exceptions (10 events):
Event: 6.262 Thread 0x000001b9b0e29800 Exception <a 'sun/nio/fs/WindowsException'{0x0000000085157cd8}> (0x0000000085157cd8) thrown at [./open/src/hotspot/share/prims/jni.cpp, line 611]
Event: 6.310 Thread 0x000001b9b0e25800 Exception <a 'sun/nio/fs/WindowsException'{0x0000000084ea5688}> (0x0000000084ea5688) thrown at [./open/src/hotspot/share/prims/jni.cpp, line 611]
Event: 6.310 Thread 0x000001b9b0e25800 Exception <a 'sun/nio/fs/WindowsException'{0x0000000084ea5cf8}> (0x0000000084ea5cf8) thrown at [./open/src/hotspot/share/prims/jni.cpp, line 611]
Event: 6.401 Thread 0x000001b9b0e25800 Exception <a 'sun/nio/fs/WindowsException'{0x000000008491f9b0}> (0x000000008491f9b0) thrown at [./open/src/hotspot/share/prims/jni.cpp, line 611]
Event: 6.402 Thread 0x000001b9b0e25800 Exception <a 'sun/nio/fs/WindowsException'{0x000000008491fb18}> (0x000000008491fb18) thrown at [./open/src/hotspot/share/prims/jni.cpp, line 611]
Event: 6.411 Thread 0x000001b9b14d9800 Implicit null exception at 0x000001b99fc3ba27 to 0x000001b99fc3ca32
Event: 6.543 Thread 0x000001b9b14d9800 Exception <a 'java/lang/NoSuchMethodError'{0x0000000086eb6258}: java.lang.invoke.DirectMethodHandle$Holder.invokeStaticInit(Ljava/lang/Object;Ljava/lang/Object;Ljava/lang/Object;)V> (0x0000000086eb6258) thrown at [./open/src/hotspot/share/interpreter/link
Event: 6.543 Thread 0x000001b9b14d9800 Exception <a 'java/lang/NoSuchMethodError'{0x0000000086ebd468}: java.lang.invoke.DirectMethodHandle$Holder.invokeStaticInit(Ljava/lang/Object;Ljava/lang/Object;Ljava/lang/Object;Ljava/lang/Object;)V> (0x0000000086ebd468) thrown at [./open/src/hotspot/shar
Event: 6.546 Thread 0x000001b9b14d9800 Exception <a 'java/lang/NoSuchMethodError'{0x0000000086edee08}: java.lang.invoke.DirectMethodHandle$Holder.invokeStaticInit(Ljava/lang/Object;Ljava/lang/Object;Ljava/lang/Object;Ljava/lang/Object;Ljava/lang/Object;)V> (0x0000000086edee08) thrown at [./ope
Event: 6.578 Thread 0x000001b9b14d9800 Exception <a 'java/lang/NoSuchMethodError'{0x0000000086d40a48}: java.lang.invoke.DirectMethodHandle$Holder.invokeStaticInit(Ljava/lang/Object;Ljava/lang/Object;Ljava/lang/Object;Ljava/lang/Object;)I> (0x0000000086d40a48) thrown at [./open/src/hotspot/shar

Events (10 events):
Event: 6.745 loading class java/awt/im/InputMethodRequests done
Event: 6.745 loading class java/awt/im/InputContext
Event: 6.745 loading class java/awt/im/InputContext done
Event: 6.745 loading class java/awt/event/FocusEvent
Event: 6.745 loading class java/awt/event/FocusEvent done
Event: 6.745 loading class java/awt/event/InputMethodEvent
Event: 6.745 loading class java/awt/event/InputMethodEvent done
Event: 6.745 loading class java/awt/event/HierarchyEvent
Event: 6.745 loading class java/awt/event/HierarchyEvent done
Event: 6.745 loading class sun/awt/RequestFocusController


Dynamic libraries:
0x00007ff7f3600000 - 0x00007ff7f360f000 	C:\Program Files\Java\jdk-11.0.16.1\bin\java.exe
0x00007ffccc830000 - 0x00007ffccca47000 	C:\WINDOWS\SYSTEM32\ntdll.dll
0x00007ffccb320000 - 0x00007ffccb3e4000 	C:\WINDOWS\System32\KERNEL32.DLL
0x00007ffcc9c80000 - 0x00007ffcca02c000 	C:\WINDOWS\System32\KERNELBASE.dll
0x00007ffcca280000 - 0x00007ffcca391000 	C:\WINDOWS\System32\ucrtbase.dll
0x00007ffc6e880000 - 0x00007ffc6e895000 	C:\Program Files\Java\jdk-11.0.16.1\bin\VCRUNTIME140.dll
0x00007ffc6ebc0000 - 0x00007ffc6ebd8000 	C:\Program Files\Java\jdk-11.0.16.1\bin\jli.dll
0x00007ffccb6b0000 - 0x00007ffccb762000 	C:\WINDOWS\System32\ADVAPI32.dll
0x00007ffccb8b0000 - 0x00007ffccb957000 	C:\WINDOWS\System32\msvcrt.dll
0x00007ffcca680000 - 0x00007ffcca72a000 	C:\WINDOWS\System32\sechost.dll
0x00007ffcca030000 - 0x00007ffcca058000 	C:\WINDOWS\System32\bcrypt.dll
0x00007ffcca7e0000 - 0x00007ffcca8f5000 	C:\WINDOWS\System32\RPCRT4.dll
0x00007ffccb500000 - 0x00007ffccb6ae000 	C:\WINDOWS\System32\USER32.dll
0x00007ffcca060000 - 0x00007ffcca086000 	C:\WINDOWS\System32\win32u.dll
0x00007ffcaa9d0000 - 0x00007ffcaac63000 	C:\WINDOWS\WinSxS\amd64_microsoft.windows.common-controls_6595b64144ccf1df_6.0.22621.3672_none_2713b9d173822955\COMCTL32.dll
0x00007ffcca7b0000 - 0x00007ffcca7d9000 	C:\WINDOWS\System32\GDI32.dll
0x00007ffcc9b60000 - 0x00007ffcc9c79000 	C:\WINDOWS\System32\gdi32full.dll
0x00007ffcca3a0000 - 0x00007ffcca43a000 	C:\WINDOWS\System32\msvcp_win.dll
0x00007ffcc36d0000 - 0x00007ffcc36da000 	C:\WINDOWS\SYSTEM32\VERSION.dll
0x00007ffccb770000 - 0x00007ffccb7a1000 	C:\WINDOWS\System32\IMM32.DLL
0x00007ffc6e2b0000 - 0x00007ffc6e34b000 	C:\Program Files\Java\jdk-11.0.16.1\bin\msvcp140.dll
0x00007ffc67110000 - 0x00007ffc67c28000 	C:\Program Files\Java\jdk-11.0.16.1\bin\server\jvm.dll
0x00007ffccac90000 - 0x00007ffccac98000 	C:\WINDOWS\System32\PSAPI.DLL
0x00007ffcb2cc0000 - 0x00007ffcb2cc9000 	C:\WINDOWS\SYSTEM32\WSOCK32.dll
0x00007ffcc5860000 - 0x00007ffcc5894000 	C:\WINDOWS\SYSTEM32\WINMM.dll
0x00007ffccb2a0000 - 0x00007ffccb311000 	C:\WINDOWS\System32\WS2_32.dll
0x00007ffcc8b50000 - 0x00007ffcc8b68000 	C:\WINDOWS\SYSTEM32\kernel.appcore.dll
0x00007ffcc58c0000 - 0x00007ffcc58d0000 	C:\Program Files\Java\jdk-11.0.16.1\bin\verify.dll
0x00007ffcc1ce0000 - 0x00007ffcc1f12000 	C:\WINDOWS\SYSTEM32\DBGHELP.DLL
0x00007ffcca900000 - 0x00007ffccac88000 	C:\WINDOWS\System32\combase.dll
0x00007ffccbcf0000 - 0x00007ffccbdc7000 	C:\WINDOWS\System32\OLEAUT32.dll
0x00007ffcb1600000 - 0x00007ffcb1632000 	C:\WINDOWS\SYSTEM32\dbgcore.DLL
0x00007ffcca090000 - 0x00007ffcca10b000 	C:\WINDOWS\System32\bcryptPrimitives.dll
0x00007ffc6ada0000 - 0x00007ffc6adc8000 	C:\Program Files\Java\jdk-11.0.16.1\bin\java.dll
0x00007ffc71190000 - 0x00007ffc7119a000 	C:\Program Files\Java\jdk-11.0.16.1\bin\jimage.dll
0x00007ffc966e0000 - 0x00007ffc966ee000 	C:\Program Files\Java\jdk-11.0.16.1\bin\instrument.dll
0x00007ffc6e290000 - 0x00007ffc6e2a6000 	C:\Program Files\Java\jdk-11.0.16.1\bin\zip.dll
0x00007ffccbdd0000 - 0x00007ffccc62c000 	C:\WINDOWS\System32\SHELL32.dll
0x00007ffcc7a60000 - 0x00007ffcc8357000 	C:\WINDOWS\SYSTEM32\windows.storage.dll
0x00007ffcc7920000 - 0x00007ffcc7a5f000 	C:\WINDOWS\SYSTEM32\wintypes.dll
0x00007ffccb7b0000 - 0x00007ffccb8a4000 	C:\WINDOWS\System32\SHCORE.dll
0x00007ffccb9c0000 - 0x00007ffccba1e000 	C:\WINDOWS\System32\shlwapi.dll
0x00007ffcc9a90000 - 0x00007ffcc9ab1000 	C:\WINDOWS\SYSTEM32\profapi.dll
0x00007ffc6ab20000 - 0x00007ffc6ab39000 	C:\Program Files\Java\jdk-11.0.16.1\bin\net.dll
0x00007ffcc5c60000 - 0x00007ffcc5d96000 	C:\WINDOWS\SYSTEM32\WINHTTP.dll
0x00007ffcc8fc0000 - 0x00007ffcc9029000 	C:\WINDOWS\system32\mswsock.dll
0x00007ffc6ab00000 - 0x00007ffc6ab12000 	C:\Program Files\Java\jdk-11.0.16.1\bin\nio.dll
0x00007ffc522e0000 - 0x00007ffc52307000 	C:\Users\saini\.gradle\native\c067742578af261105cb4f569cf0c3c89f3d7b1fecec35dd04571415982c5e48\windows-amd64\native-platform.dll
0x00007ffc67d80000 - 0x00007ffc67ec4000 	C:\Users\saini\.gradle\native\38dada09dfb8b06ba9b0570ebf7e218e3eb74d4ef43ca46872605cf95ebc2f47\windows-amd64\native-platform-file-events.dll
0x00007ffc6dc80000 - 0x00007ffc6dc89000 	C:\Program Files\Java\jdk-11.0.16.1\bin\management.dll
0x00007ffc6ad10000 - 0x00007ffc6ad1b000 	C:\Program Files\Java\jdk-11.0.16.1\bin\management_ext.dll
0x00007ffcc91e0000 - 0x00007ffcc91fb000 	C:\WINDOWS\SYSTEM32\CRYPTSP.dll
0x00007ffcc8ab0000 - 0x00007ffcc8ae5000 	C:\WINDOWS\system32\rsaenh.dll
0x00007ffcc9080000 - 0x00007ffcc90a8000 	C:\WINDOWS\SYSTEM32\USERENV.dll
0x00007ffcc9200000 - 0x00007ffcc920c000 	C:\WINDOWS\SYSTEM32\CRYPTBASE.dll
0x00007ffcc85c0000 - 0x00007ffcc85ed000 	C:\WINDOWS\SYSTEM32\IPHLPAPI.DLL
0x00007ffccb4f0000 - 0x00007ffccb4f9000 	C:\WINDOWS\System32\NSI.dll
0x00007ffcc5e50000 - 0x00007ffcc5e69000 	C:\WINDOWS\SYSTEM32\dhcpcsvc6.DLL
0x00007ffcc5e30000 - 0x00007ffcc5e4f000 	C:\WINDOWS\SYSTEM32\dhcpcsvc.DLL
0x00007ffcc8630000 - 0x00007ffcc8728000 	C:\WINDOWS\SYSTEM32\DNSAPI.dll

dbghelp: loaded successfully - version: 4.0.5 - missing functions: none
symbol engine: initialized successfully - sym options: 0x614 - pdb path: .;C:\Program Files\Java\jdk-11.0.16.1\bin;C:\WINDOWS\SYSTEM32;C:\WINDOWS\WinSxS\amd64_microsoft.windows.common-controls_6595b64144ccf1df_6.0.22621.3672_none_2713b9d173822955;C:\Program Files\Java\jdk-11.0.16.1\bin\server;C:\Users\saini\.gradle\native\c067742578af261105cb4f569cf0c3c89f3d7b1fecec35dd04571415982c5e48\windows-amd64;C:\Users\saini\.gradle\native\38dada09dfb8b06ba9b0570ebf7e218e3eb74d4ef43ca46872605cf95ebc2f47\windows-amd64

VM Arguments:
jvm_args: -XX:MaxMetaspaceSize=512m --add-opens=java.base/java.util=ALL-UNNAMED --add-opens=java.base/java.lang=ALL-UNNAMED --add-opens=java.base/java.lang.invoke=ALL-UNNAMED --add-opens=java.prefs/java.util.prefs=ALL-UNNAMED --add-opens=java.base/java.nio.charset=ALL-UNNAMED --add-opens=java.base/java.net=ALL-UNNAMED --add-opens=java.base/java.util.concurrent.atomic=ALL-UNNAMED -Xmx2048m -Dfile.encoding=windows-1252 -Duser.country=IN -Duser.language=en -Duser.variant -javaagent:C:\Users\saini\.gradle\wrapper\dists\gradle-8.6-all\3mbtmo166bl6vumsh5k2lkq5h\gradle-8.6\lib\agents\gradle-instrumentation-agent-8.6.jar 
java_command: org.gradle.launcher.daemon.bootstrap.GradleDaemon 8.6
java_class_path (initial): C:\Users\saini\.gradle\wrapper\dists\gradle-8.6-all\3mbtmo166bl6vumsh5k2lkq5h\gradle-8.6\lib\gradle-launcher-8.6.jar
Launcher Type: SUN_STANDARD

[Global flags]
     intx CICompilerCount                          = 4                                         {product} {ergonomic}
   size_t CompressedClassSpaceSize                 = 528482304                                 {product} {ergonomic}
     uint ConcGCThreads                            = 3                                         {product} {ergonomic}
     uint G1ConcRefinementThreads                  = 10                                        {product} {ergonomic}
   size_t G1HeapRegionSize                         = 1048576                                   {product} {ergonomic}
    uintx GCDrainStackTargetSize                   = 64                                        {product} {ergonomic}
   size_t InitialHeapSize                          = 123731968                                 {product} {ergonomic}
   size_t MarkStackSize                            = 4194304                                   {product} {ergonomic}
   size_t MaxHeapSize                              = 2147483648                                {product} {command line}
   size_t MaxMetaspaceSize                         = 536870912                                 {product} {command line}
   size_t MaxNewSize                               = 1287651328                                {product} {ergonomic}
   size_t MinHeapDeltaBytes                        = 1048576                                   {product} {ergonomic}
    uintx NonNMethodCodeHeapSize                   = 5836300                                {pd product} {ergonomic}
    uintx NonProfiledCodeHeapSize                  = 122910970                              {pd product} {ergonomic}
    uintx ProfiledCodeHeapSize                     = 122910970                              {pd product} {ergonomic}
    uintx ReservedCodeCacheSize                    = 251658240                              {pd product} {ergonomic}
     bool SegmentedCodeCache                       = true                                      {product} {ergonomic}
     bool UseCompressedClassPointers               = true                                 {lp64_product} {ergonomic}
     bool UseCompressedOops                        = true                                 {lp64_product} {ergonomic}
     bool UseG1GC                                  = true                                      {product} {ergonomic}
     bool UseLargePagesIndividualAllocation        = false                                  {pd product} {ergonomic}

Logging:
Log output configuration:
 #0: stdout all=warning uptime,level,tags
 #1: stderr all=off uptime,level,tags

Environment Variables:
JAVA_HOME=C:\Program Files\Java\jdk-11.0.16.1
CLASSPATH=c:\Users\saini\reactNativeScreenlet\android\\gradle\wrapper\gradle-wrapper.jar
PATH=C:\Program Files\Common Files\Oracle\Java\javapath;C:\WINDOWS\system32;C:\WINDOWS;C:\WINDOWS\System32\Wbem;C:\WINDOWS\System32\WindowsPowerShell\v1.0\;C:\WINDOWS\System32\OpenSSH\;C:\Program Files\dotnet\;C:\Program Files\Java\jdk-19\bin;C:\Program Files\Common Files\Oracle\Java\javapath;C:\Program Files\apache-maven-3.9.1-bin\apache-maven-3.9.1\bin;C:\Program Files\MySQL\MySQL Server 8.0\bin;C:\ProgramData\chocolatey\bin;C:\Users\saini\.jpm\windows\bin;C:\Program Files\PuTTY\;C:\Program Files\nodejs\;C:\Program Files\Git\cmd;C:\Users\saini\AppData\Local\pnpm;C:\Users\saini\AppData\Local\Microsoft\WindowsApps;C:\Users\saini\AppData\Local\Programs\Microsoft VS Code\bin;C:\Program Files\MySQL\MySQL Server 8.0\bin;C:\Program Files\JetBrains\IntelliJ IDEA Community Edition 2023.1\bin;C:\Program Files\MySQL\MySQL Server 8.0\bin;C:\Program Files\Java\jdk-11.0.16.1;C:\Users\saini\AppData\Roaming\npm
USERNAME=N1khil
OS=Windows_NT
PROCESSOR_IDENTIFIER=AMD64 Family 25 Model 80 Stepping 0, AuthenticAMD



---------------  S Y S T E M  ---------------

OS: Windows 11 , 64 bit Build 22621 (10.0.22621.3672)
Hyper-V role detected

CPU:total 12 (initial active 12) (12 cores per cpu, 2 threads per core) family 25 model 80 stepping 0 microcode 0x0, cmov, cx8, fxsr, mmx, sse, sse2, sse3, ssse3, sse4.1, sse4.2, popcnt, avx, avx2, aes, clmul, erms, mmxext, 3dnowpref, lzcnt, sse4a, ht, tsc, tscinvbit, tscinv, bmi1, bmi2,

Memory: 4k page, system-wide physical 7521M (373M free)
TotalPageFile size 31073M (AvailPageFile size 206M)
current process WorkingSet (physical memory assigned to process): 227M, peak: 228M
current process commit charge ("private bytes"): 296M, peak: 296M

vm_info: Java HotSpot(TM) 64-Bit Server VM (11.0.16.1+1-LTS-1) for windows-amd64 JRE (11.0.16.1+1-LTS-1), built on Aug 16 2022 01:46:01 by "mach5one" with MS VC++ 15.9 (VS2017)

END.
